2025-10-26 17:49:05,251 INFO __main__ Default admin user created
2025-10-26 17:49:05,251 INFO __main__ Database initialized successfully
2025-10-26 17:49:05,274 INFO werkzeug [31m[1mWARNING: This is a development server. Do not use it in a production deployment. Use a production WSGI server instead.[0m
 * Running on http://127.0.0.1:5000
2025-10-26 17:49:05,275 INFO werkzeug [33mPress CTRL+C to quit[0m
2025-10-26 17:49:23,808 INFO werkzeug 127.0.0.1 - - [26/Oct/2025 17:49:23] "GET /register HTTP/1.1" 200 -
2025-10-26 17:49:48,556 INFO werkzeug 127.0.0.1 - - [26/Oct/2025 17:49:48] "POST /register HTTP/1.1" 200 -
2025-10-26 17:50:19,801 INFO __main__ New user registered: mariajshaikh07@gmail.com
2025-10-26 17:50:19,803 INFO werkzeug 127.0.0.1 - - [26/Oct/2025 17:50:19] "[32mPOST /register HTTP/1.1[0m" 302 -
2025-10-26 17:50:19,827 INFO werkzeug 127.0.0.1 - - [26/Oct/2025 17:50:19] "GET /login HTTP/1.1" 200 -
2025-10-26 17:50:22,032 INFO werkzeug 127.0.0.1 - - [26/Oct/2025 17:50:22] "GET /register HTTP/1.1" 200 -
2025-10-26 17:50:24,024 INFO werkzeug 127.0.0.1 - - [26/Oct/2025 17:50:24] "GET /login HTTP/1.1" 200 -
2025-10-26 17:50:31,392 INFO __main__ User logged in: mariajshaikh07@gmail.com
2025-10-26 17:50:31,395 INFO werkzeug 127.0.0.1 - - [26/Oct/2025 17:50:31] "[32mPOST /login HTTP/1.1[0m" 302 -
2025-10-26 17:50:31,461 INFO werkzeug 127.0.0.1 - - [26/Oct/2025 17:50:31] "GET /dashboard HTTP/1.1" 200 -
2025-10-26 17:50:33,704 INFO werkzeug 127.0.0.1 - - [26/Oct/2025 17:50:33] "GET /add_item HTTP/1.1" 200 -
2025-10-26 17:51:07,694 INFO __main__ New item added by user 2: water bottle (Lost)
2025-10-26 17:51:07,697 INFO werkzeug 127.0.0.1 - - [26/Oct/2025 17:51:07] "[32mPOST /add_item HTTP/1.1[0m" 302 -
2025-10-26 17:51:07,779 INFO werkzeug 127.0.0.1 - - [26/Oct/2025 17:51:07] "GET /dashboard HTTP/1.1" 200 -
2025-10-26 17:51:07,994 INFO werkzeug 127.0.0.1 - - [26/Oct/2025 17:51:07] "GET /static/uploads/3139b4d215344ee5a2e89c01eea98ea3.png HTTP/1.1" 200 -
2025-10-26 17:51:12,000 INFO __main__ User logged out: mariajshaikh07@gmail.com
2025-10-26 17:51:12,003 INFO werkzeug 127.0.0.1 - - [26/Oct/2025 17:51:12] "[32mGET /logout HTTP/1.1[0m" 302 -
2025-10-26 17:51:12,027 ERROR app Exception on / [GET]
Traceback (most recent call last):
  File "C:\Users\Maria\AppData\Roaming\Python\Python313\site-packages\flask\app.py", line 1511, in wsgi_app
    response = self.full_dispatch_request()
  File "C:\Users\Maria\AppData\Roaming\Python\Python313\site-packages\flask\app.py", line 919, in full_dispatch_request
    rv = self.handle_user_exception(e)
  File "C:\Users\Maria\AppData\Roaming\Python\Python313\site-packages\flask\app.py", line 917, in full_dispatch_request
    rv = self.dispatch_request()
  File "C:\Users\Maria\AppData\Roaming\Python\Python313\site-packages\flask\app.py", line 902, in dispatch_request
    return self.ensure_sync(self.view_functions[rule.endpoint])(**view_args)  # type: ignore[no-any-return]
           ~~~~~~~~~~~~~~~~~~~~~~~~~~~~~~~~~~~~~~~~~~~~~~~~~~~~^^^^^^^^^^^^^
  File "C:\projects\lostandfound\app.py", line 256, in index
    return render_template('index.html')
  File "C:\Users\Maria\AppData\Roaming\Python\Python313\site-packages\flask\templating.py", line 149, in render_template
    template = app.jinja_env.get_or_select_template(template_name_or_list)
  File "C:\Users\Maria\AppData\Roaming\Python\Python313\site-packages\jinja2\environment.py", line 1087, in get_or_select_template
    return self.get_template(template_name_or_list, parent, globals)
           ~~~~~~~~~~~~~~~~~^^^^^^^^^^^^^^^^^^^^^^^^^^^^^^^^^^^^^^^^
  File "C:\Users\Maria\AppData\Roaming\Python\Python313\site-packages\jinja2\environment.py", line 1016, in get_template
    return self._load_template(name, globals)
           ~~~~~~~~~~~~~~~~~~~^^^^^^^^^^^^^^^
  File "C:\Users\Maria\AppData\Roaming\Python\Python313\site-packages\jinja2\environment.py", line 975, in _load_template
    template = self.loader.load(self, name, self.make_globals(globals))
  File "C:\Users\Maria\AppData\Roaming\Python\Python313\site-packages\jinja2\loaders.py", line 126, in load
    source, filename, uptodate = self.get_source(environment, name)
                                 ~~~~~~~~~~~~~~~^^^^^^^^^^^^^^^^^^^
  File "C:\Users\Maria\AppData\Roaming\Python\Python313\site-packages\flask\templating.py", line 65, in get_source
    return self._get_source_fast(environment, template)
           ~~~~~~~~~~~~~~~~~~~~~^^^^^^^^^^^^^^^^^^^^^^^
  File "C:\Users\Maria\AppData\Roaming\Python\Python313\site-packages\flask\templating.py", line 99, in _get_source_fast
    raise TemplateNotFound(template)
jinja2.exceptions.TemplateNotFound: index.html
2025-10-26 17:51:12,042 ERROR __main__ 500 error: 500 Internal Server Error: The server encountered an internal error and was unable to complete your request. Either the server is overloaded or there is an error in the application.
2025-10-26 17:51:12,044 INFO werkzeug 127.0.0.1 - - [26/Oct/2025 17:51:12] "[35m[1mGET / HTTP/1.1[0m" 500 -
2025-10-26 17:51:12,144 ERROR werkzeug Error on request:
Traceback (most recent call last):
  File "C:\Users\Maria\AppData\Roaming\Python\Python313\site-packages\flask\app.py", line 1511, in wsgi_app
    response = self.full_dispatch_request()
  File "C:\Users\Maria\AppData\Roaming\Python\Python313\site-packages\flask\app.py", line 919, in full_dispatch_request
    rv = self.handle_user_exception(e)
  File "C:\Users\Maria\AppData\Roaming\Python\Python313\site-packages\flask\app.py", line 917, in full_dispatch_request
    rv = self.dispatch_request()
  File "C:\Users\Maria\AppData\Roaming\Python\Python313\site-packages\flask\app.py", line 902, in dispatch_request
    return self.ensure_sync(self.view_functions[rule.endpoint])(**view_args)  # type: ignore[no-any-return]
           ~~~~~~~~~~~~~~~~~~~~~~~~~~~~~~~~~~~~~~~~~~~~~~~~~~~~^^^^^^^^^^^^^
  File "C:\projects\lostandfound\app.py", line 256, in index
    return render_template('index.html')
  File "C:\Users\Maria\AppData\Roaming\Python\Python313\site-packages\flask\templating.py", line 149, in render_template
    template = app.jinja_env.get_or_select_template(template_name_or_list)
  File "C:\Users\Maria\AppData\Roaming\Python\Python313\site-packages\jinja2\environment.py", line 1087, in get_or_select_template
    return self.get_template(template_name_or_list, parent, globals)
           ~~~~~~~~~~~~~~~~~^^^^^^^^^^^^^^^^^^^^^^^^^^^^^^^^^^^^^^^^
  File "C:\Users\Maria\AppData\Roaming\Python\Python313\site-packages\jinja2\environment.py", line 1016, in get_template
    return self._load_template(name, globals)
           ~~~~~~~~~~~~~~~~~~~^^^^^^^^^^^^^^^
  File "C:\Users\Maria\AppData\Roaming\Python\Python313\site-packages\jinja2\environment.py", line 975, in _load_template
    template = self.loader.load(self, name, self.make_globals(globals))
  File "C:\Users\Maria\AppData\Roaming\Python\Python313\site-packages\jinja2\loaders.py", line 126, in load
    source, filename, uptodate = self.get_source(environment, name)
                                 ~~~~~~~~~~~~~~~^^^^^^^^^^^^^^^^^^^
  File "C:\Users\Maria\AppData\Roaming\Python\Python313\site-packages\flask\templating.py", line 65, in get_source
    return self._get_source_fast(environment, template)
           ~~~~~~~~~~~~~~~~~~~~~^^^^^^^^^^^^^^^^^^^^^^^
  File "C:\Users\Maria\AppData\Roaming\Python\Python313\site-packages\flask\templating.py", line 99, in _get_source_fast
    raise TemplateNotFound(template)
jinja2.exceptions.TemplateNotFound: index.html

During handling of the above exception, another exception occurred:

Traceback (most recent call last):
  File "C:\Users\Maria\AppData\Roaming\Python\Python313\site-packages\werkzeug\serving.py", line 370, in run_wsgi
    execute(self.server.app)
    ~~~~~~~^^^^^^^^^^^^^^^^^
  File "C:\Users\Maria\AppData\Roaming\Python\Python313\site-packages\werkzeug\serving.py", line 331, in execute
    application_iter = app(environ, start_response)
  File "C:\Users\Maria\AppData\Roaming\Python\Python313\site-packages\flask\app.py", line 1536, in __call__
    return self.wsgi_app(environ, start_response)
           ~~~~~~~~~~~~~^^^^^^^^^^^^^^^^^^^^^^^^^
  File "C:\Users\Maria\AppData\Roaming\Python\Python313\site-packages\flask\app.py", line 1514, in wsgi_app
    response = self.handle_exception(e)
  File "C:\Users\Maria\AppData\Roaming\Python\Python313\site-packages\flask\app.py", line 860, in handle_exception
    server_error = self.ensure_sync(handler)(server_error)
  File "C:\projects\lostandfound\app.py", line 241, in internal_error
    return render_template('500.html'), 500
           ~~~~~~~~~~~~~~~^^^^^^^^^^^^
  File "C:\Users\Maria\AppData\Roaming\Python\Python313\site-packages\flask\templating.py", line 149, in render_template
    template = app.jinja_env.get_or_select_template(template_name_or_list)
  File "C:\Users\Maria\AppData\Roaming\Python\Python313\site-packages\jinja2\environment.py", line 1087, in get_or_select_template
    return self.get_template(template_name_or_list, parent, globals)
           ~~~~~~~~~~~~~~~~~^^^^^^^^^^^^^^^^^^^^^^^^^^^^^^^^^^^^^^^^
  File "C:\Users\Maria\AppData\Roaming\Python\Python313\site-packages\jinja2\environment.py", line 1016, in get_template
    return self._load_template(name, globals)
           ~~~~~~~~~~~~~~~~~~~^^^^^^^^^^^^^^^
  File "C:\Users\Maria\AppData\Roaming\Python\Python313\site-packages\jinja2\environment.py", line 975, in _load_template
    template = self.loader.load(self, name, self.make_globals(globals))
  File "C:\Users\Maria\AppData\Roaming\Python\Python313\site-packages\jinja2\loaders.py", line 126, in load
    source, filename, uptodate = self.get_source(environment, name)
                                 ~~~~~~~~~~~~~~~^^^^^^^^^^^^^^^^^^^
  File "C:\Users\Maria\AppData\Roaming\Python\Python313\site-packages\flask\templating.py", line 65, in get_source
    return self._get_source_fast(environment, template)
           ~~~~~~~~~~~~~~~~~~~~~^^^^^^^^^^^^^^^^^^^^^^^
  File "C:\Users\Maria\AppData\Roaming\Python\Python313\site-packages\flask\templating.py", line 99, in _get_source_fast
    raise TemplateNotFound(template)
jinja2.exceptions.TemplateNotFound: 500.html
2025-10-26 17:51:18,757 INFO werkzeug 127.0.0.1 - - [26/Oct/2025 17:51:18] "[32mGET /dashboard HTTP/1.1[0m" 302 -
2025-10-26 17:51:18,798 INFO werkzeug 127.0.0.1 - - [26/Oct/2025 17:51:18] "GET /login?next=/dashboard HTTP/1.1" 200 -
2025-10-26 17:51:58,371 INFO __main__ User logged in: admin@lostfound.com
2025-10-26 17:51:58,372 INFO werkzeug 127.0.0.1 - - [26/Oct/2025 17:51:58] "[32mPOST /login?next=/dashboard HTTP/1.1[0m" 302 -
2025-10-26 17:51:58,378 INFO werkzeug 127.0.0.1 - - [26/Oct/2025 17:51:58] "GET /dashboard HTTP/1.1" 200 -
2025-10-26 17:57:18,762 INFO __main__ Default admin user created
2025-10-26 17:57:18,763 INFO __main__ Database initialized successfully
2025-10-26 17:57:18,785 INFO werkzeug [31m[1mWARNING: This is a development server. Do not use it in a production deployment. Use a production WSGI server instead.[0m
 * Running on http://127.0.0.1:5000
2025-10-26 17:57:18,786 INFO werkzeug [33mPress CTRL+C to quit[0m
2025-10-26 17:57:37,831 INFO werkzeug 127.0.0.1 - - [26/Oct/2025 17:57:37] "[32mGET /register HTTP/1.1[0m" 302 -
2025-10-26 17:57:37,859 INFO werkzeug 127.0.0.1 - - [26/Oct/2025 17:57:37] "[32mGET /dashboard HTTP/1.1[0m" 302 -
2025-10-26 17:57:37,953 INFO werkzeug 127.0.0.1 - - [26/Oct/2025 17:57:37] "GET /admin_dashboard HTTP/1.1" 200 -
2025-10-26 17:57:37,980 ERROR app Exception on /static/styles.css [GET]
Traceback (most recent call last):
  File "C:\Users\Maria\AppData\Roaming\Python\Python313\site-packages\flask\app.py", line 917, in full_dispatch_request
    rv = self.dispatch_request()
  File "C:\Users\Maria\AppData\Roaming\Python\Python313\site-packages\flask\app.py", line 902, in dispatch_request
    return self.ensure_sync(self.view_functions[rule.endpoint])(**view_args)  # type: ignore[no-any-return]
           ~~~~~~~~~~~~~~~~~~~~~~~~~~~~~~~~~~~~~~~~~~~~~~~~~~~~^^^^^^^^^^^^^
  File "C:\Users\Maria\AppData\Roaming\Python\Python313\site-packages\flask\app.py", line 278, in <lambda>
    view_func=lambda **kw: self_ref().send_static_file(**kw),  # type: ignore # noqa: B950
                           ~~~~~~~~~~~~~~~~~~~~~~~~~~~^^^^^^
  File "C:\Users\Maria\AppData\Roaming\Python\Python313\site-packages\flask\app.py", line 326, in send_static_file
    return send_from_directory(
        t.cast(str, self.static_folder), filename, max_age=max_age
    )
  File "C:\Users\Maria\AppData\Roaming\Python\Python313\site-packages\flask\helpers.py", line 565, in send_from_directory
    return werkzeug.utils.send_from_directory(  # type: ignore[return-value]
           ~~~~~~~~~~~~~~~~~~~~~~~~~~~~~~~~~~^^^^^^^^^^^^^^^^^^^^^^^^^^^^^^^
        directory, path, **_prepare_send_file_kwargs(**kwargs)
        ^^^^^^^^^^^^^^^^^^^^^^^^^^^^^^^^^^^^^^^^^^^^^^^^^^^^^^
    )
    ^
  File "C:\Users\Maria\AppData\Roaming\Python\Python313\site-packages\werkzeug\utils.py", line 575, in send_from_directory
    raise NotFound()
werkzeug.exceptions.NotFound: 404 Not Found: The requested URL was not found on the server. If you entered the URL manually please check your spelling and try again.

During handling of the above exception, another exception occurred:

Traceback (most recent call last):
  File "C:\Users\Maria\AppData\Roaming\Python\Python313\site-packages\flask\app.py", line 1511, in wsgi_app
    response = self.full_dispatch_request()
  File "C:\Users\Maria\AppData\Roaming\Python\Python313\site-packages\flask\app.py", line 919, in full_dispatch_request
    rv = self.handle_user_exception(e)
  File "C:\Users\Maria\AppData\Roaming\Python\Python313\site-packages\flask\app.py", line 802, in handle_user_exception
    return self.handle_http_exception(e)
           ~~~~~~~~~~~~~~~~~~~~~~~~~~^^^
  File "C:\Users\Maria\AppData\Roaming\Python\Python313\site-packages\flask\app.py", line 777, in handle_http_exception
    return self.ensure_sync(handler)(e)  # type: ignore[no-any-return]
           ~~~~~~~~~~~~~~~~~~~~~~~~~^^^
  File "C:\projects\lostandfound\app.py", line 234, in not_found_error
    return render_template('404.html'), 404
           ~~~~~~~~~~~~~~~^^^^^^^^^^^^
  File "C:\Users\Maria\AppData\Roaming\Python\Python313\site-packages\flask\templating.py", line 149, in render_template
    template = app.jinja_env.get_or_select_template(template_name_or_list)
  File "C:\Users\Maria\AppData\Roaming\Python\Python313\site-packages\jinja2\environment.py", line 1087, in get_or_select_template
    return self.get_template(template_name_or_list, parent, globals)
           ~~~~~~~~~~~~~~~~~^^^^^^^^^^^^^^^^^^^^^^^^^^^^^^^^^^^^^^^^
  File "C:\Users\Maria\AppData\Roaming\Python\Python313\site-packages\jinja2\environment.py", line 1016, in get_template
    return self._load_template(name, globals)
           ~~~~~~~~~~~~~~~~~~~^^^^^^^^^^^^^^^
  File "C:\Users\Maria\AppData\Roaming\Python\Python313\site-packages\jinja2\environment.py", line 975, in _load_template
    template = self.loader.load(self, name, self.make_globals(globals))
  File "C:\Users\Maria\AppData\Roaming\Python\Python313\site-packages\jinja2\loaders.py", line 126, in load
    source, filename, uptodate = self.get_source(environment, name)
                                 ~~~~~~~~~~~~~~~^^^^^^^^^^^^^^^^^^^
  File "C:\Users\Maria\AppData\Roaming\Python\Python313\site-packages\flask\templating.py", line 65, in get_source
    return self._get_source_fast(environment, template)
           ~~~~~~~~~~~~~~~~~~~~~^^^^^^^^^^^^^^^^^^^^^^^
  File "C:\Users\Maria\AppData\Roaming\Python\Python313\site-packages\flask\templating.py", line 99, in _get_source_fast
    raise TemplateNotFound(template)
jinja2.exceptions.TemplateNotFound: 404.html
2025-10-26 17:57:38,000 ERROR __main__ 500 error: 500 Internal Server Error: The server encountered an internal error and was unable to complete your request. Either the server is overloaded or there is an error in the application.
2025-10-26 17:57:38,001 INFO werkzeug 127.0.0.1 - - [26/Oct/2025 17:57:38] "[35m[1mGET /static/styles.css HTTP/1.1[0m" 500 -
2025-10-26 17:57:38,081 ERROR werkzeug Error on request:
Traceback (most recent call last):
  File "C:\Users\Maria\AppData\Roaming\Python\Python313\site-packages\flask\app.py", line 917, in full_dispatch_request
    rv = self.dispatch_request()
  File "C:\Users\Maria\AppData\Roaming\Python\Python313\site-packages\flask\app.py", line 902, in dispatch_request
    return self.ensure_sync(self.view_functions[rule.endpoint])(**view_args)  # type: ignore[no-any-return]
           ~~~~~~~~~~~~~~~~~~~~~~~~~~~~~~~~~~~~~~~~~~~~~~~~~~~~^^^^^^^^^^^^^
  File "C:\Users\Maria\AppData\Roaming\Python\Python313\site-packages\flask\app.py", line 278, in <lambda>
    view_func=lambda **kw: self_ref().send_static_file(**kw),  # type: ignore # noqa: B950
                           ~~~~~~~~~~~~~~~~~~~~~~~~~~~^^^^^^
  File "C:\Users\Maria\AppData\Roaming\Python\Python313\site-packages\flask\app.py", line 326, in send_static_file
    return send_from_directory(
    
  File "C:\Users\Maria\AppData\Roaming\Python\Python313\site-packages\flask\helpers.py", line 565, in send_from_directory
    return werkzeug.utils.send_from_directory(  # type: ignore[return-value]
    
  File "C:\Users\Maria\AppData\Roaming\Python\Python313\site-packages\werkzeug\utils.py", line 575, in send_from_directory
    raise NotFound()
werkzeug.exceptions.NotFound: 404 Not Found: The requested URL was not found on the server. If you entered the URL manually please check your spelling and try again.

During handling of the above exception, another exception occurred:

Traceback (most recent call last):
  File "C:\Users\Maria\AppData\Roaming\Python\Python313\site-packages\flask\app.py", line 1511, in wsgi_app
    response = self.full_dispatch_request()
  File "C:\Users\Maria\AppData\Roaming\Python\Python313\site-packages\flask\app.py", line 919, in full_dispatch_request
    rv = self.handle_user_exception(e)
  File "C:\Users\Maria\AppData\Roaming\Python\Python313\site-packages\flask\app.py", line 802, in handle_user_exception
    return self.handle_http_exception(e)
           ~~~~~~~~~~~~~~~~~~~~~~~~~~^^^
  File "C:\Users\Maria\AppData\Roaming\Python\Python313\site-packages\flask\app.py", line 777, in handle_http_exception
    return self.ensure_sync(handler)(e)  # type: ignore[no-any-return]
           ~~~~~~~~~~~~~~~~~~~~~~~~~^^^
  File "C:\projects\lostandfound\app.py", line 234, in not_found_error
    return render_template('404.html'), 404
           ~~~~~~~~~~~~~~~^^^^^^^^^^^^
  File "C:\Users\Maria\AppData\Roaming\Python\Python313\site-packages\flask\templating.py", line 149, in render_template
    template = app.jinja_env.get_or_select_template(template_name_or_list)
  File "C:\Users\Maria\AppData\Roaming\Python\Python313\site-packages\jinja2\environment.py", line 1087, in get_or_select_template
    return self.get_template(template_name_or_list, parent, globals)
           ~~~~~~~~~~~~~~~~~^^^^^^^^^^^^^^^^^^^^^^^^^^^^^^^^^^^^^^^^
  File "C:\Users\Maria\AppData\Roaming\Python\Python313\site-packages\jinja2\environment.py", line 1016, in get_template
    return self._load_template(name, globals)
           ~~~~~~~~~~~~~~~~~~~^^^^^^^^^^^^^^^
  File "C:\Users\Maria\AppData\Roaming\Python\Python313\site-packages\jinja2\environment.py", line 975, in _load_template
    template = self.loader.load(self, name, self.make_globals(globals))
  File "C:\Users\Maria\AppData\Roaming\Python\Python313\site-packages\jinja2\loaders.py", line 126, in load
    source, filename, uptodate = self.get_source(environment, name)
                                 ~~~~~~~~~~~~~~~^^^^^^^^^^^^^^^^^^^
  File "C:\Users\Maria\AppData\Roaming\Python\Python313\site-packages\flask\templating.py", line 65, in get_source
    return self._get_source_fast(environment, template)
           ~~~~~~~~~~~~~~~~~~~~~^^^^^^^^^^^^^^^^^^^^^^^
  File "C:\Users\Maria\AppData\Roaming\Python\Python313\site-packages\flask\templating.py", line 99, in _get_source_fast
    raise TemplateNotFound(template)
jinja2.exceptions.TemplateNotFound: 404.html

During handling of the above exception, another exception occurred:

Traceback (most recent call last):
  File "C:\Users\Maria\AppData\Roaming\Python\Python313\site-packages\werkzeug\serving.py", line 370, in run_wsgi
    execute(self.server.app)
    ~~~~~~~^^^^^^^^^^^^^^^^^
  File "C:\Users\Maria\AppData\Roaming\Python\Python313\site-packages\werkzeug\serving.py", line 331, in execute
    application_iter = app(environ, start_response)
  File "C:\Users\Maria\AppData\Roaming\Python\Python313\site-packages\flask\app.py", line 1536, in __call__
    return self.wsgi_app(environ, start_response)
           ~~~~~~~~~~~~~^^^^^^^^^^^^^^^^^^^^^^^^^
  File "C:\Users\Maria\AppData\Roaming\Python\Python313\site-packages\flask\app.py", line 1514, in wsgi_app
    response = self.handle_exception(e)
  File "C:\Users\Maria\AppData\Roaming\Python\Python313\site-packages\flask\app.py", line 860, in handle_exception
    server_error = self.ensure_sync(handler)(server_error)
  File "C:\projects\lostandfound\app.py", line 244, in internal_error
    return render_template('500.html'), 500
           ~~~~~~~~~~~~~~~^^^^^^^^^^^^
  File "C:\Users\Maria\AppData\Roaming\Python\Python313\site-packages\flask\templating.py", line 149, in render_template
    template = app.jinja_env.get_or_select_template(template_name_or_list)
  File "C:\Users\Maria\AppData\Roaming\Python\Python313\site-packages\jinja2\environment.py", line 1087, in get_or_select_template
    return self.get_template(template_name_or_list, parent, globals)
           ~~~~~~~~~~~~~~~~~^^^^^^^^^^^^^^^^^^^^^^^^^^^^^^^^^^^^^^^^
  File "C:\Users\Maria\AppData\Roaming\Python\Python313\site-packages\jinja2\environment.py", line 1016, in get_template
    return self._load_template(name, globals)
           ~~~~~~~~~~~~~~~~~~~^^^^^^^^^^^^^^^
  File "C:\Users\Maria\AppData\Roaming\Python\Python313\site-packages\jinja2\environment.py", line 975, in _load_template
    template = self.loader.load(self, name, self.make_globals(globals))
  File "C:\Users\Maria\AppData\Roaming\Python\Python313\site-packages\jinja2\loaders.py", line 126, in load
    source, filename, uptodate = self.get_source(environment, name)
                                 ~~~~~~~~~~~~~~~^^^^^^^^^^^^^^^^^^^
  File "C:\Users\Maria\AppData\Roaming\Python\Python313\site-packages\flask\templating.py", line 65, in get_source
    return self._get_source_fast(environment, template)
           ~~~~~~~~~~~~~~~~~~~~~^^^^^^^^^^^^^^^^^^^^^^^
  File "C:\Users\Maria\AppData\Roaming\Python\Python313\site-packages\flask\templating.py", line 99, in _get_source_fast
    raise TemplateNotFound(template)
jinja2.exceptions.TemplateNotFound: 500.html
2025-10-26 17:57:48,070 INFO werkzeug 127.0.0.1 - - [26/Oct/2025 17:57:48] "[32mGET /register HTTP/1.1[0m" 302 -
2025-10-26 17:57:48,101 INFO werkzeug 127.0.0.1 - - [26/Oct/2025 17:57:48] "[32mGET /dashboard HTTP/1.1[0m" 302 -
2025-10-26 17:57:48,132 INFO werkzeug 127.0.0.1 - - [26/Oct/2025 17:57:48] "GET /admin_dashboard HTTP/1.1" 200 -
2025-10-26 17:57:48,160 ERROR app Exception on /static/styles.css [GET]
Traceback (most recent call last):
  File "C:\Users\Maria\AppData\Roaming\Python\Python313\site-packages\flask\app.py", line 917, in full_dispatch_request
    rv = self.dispatch_request()
  File "C:\Users\Maria\AppData\Roaming\Python\Python313\site-packages\flask\app.py", line 902, in dispatch_request
    return self.ensure_sync(self.view_functions[rule.endpoint])(**view_args)  # type: ignore[no-any-return]
           ~~~~~~~~~~~~~~~~~~~~~~~~~~~~~~~~~~~~~~~~~~~~~~~~~~~~^^^^^^^^^^^^^
  File "C:\Users\Maria\AppData\Roaming\Python\Python313\site-packages\flask\app.py", line 278, in <lambda>
    view_func=lambda **kw: self_ref().send_static_file(**kw),  # type: ignore # noqa: B950
                           ~~~~~~~~~~~~~~~~~~~~~~~~~~~^^^^^^
  File "C:\Users\Maria\AppData\Roaming\Python\Python313\site-packages\flask\app.py", line 326, in send_static_file
    return send_from_directory(
        t.cast(str, self.static_folder), filename, max_age=max_age
    )
  File "C:\Users\Maria\AppData\Roaming\Python\Python313\site-packages\flask\helpers.py", line 565, in send_from_directory
    return werkzeug.utils.send_from_directory(  # type: ignore[return-value]
           ~~~~~~~~~~~~~~~~~~~~~~~~~~~~~~~~~~^^^^^^^^^^^^^^^^^^^^^^^^^^^^^^^
        directory, path, **_prepare_send_file_kwargs(**kwargs)
        ^^^^^^^^^^^^^^^^^^^^^^^^^^^^^^^^^^^^^^^^^^^^^^^^^^^^^^
    )
    ^
  File "C:\Users\Maria\AppData\Roaming\Python\Python313\site-packages\werkzeug\utils.py", line 575, in send_from_directory
    raise NotFound()
werkzeug.exceptions.NotFound: 404 Not Found: The requested URL was not found on the server. If you entered the URL manually please check your spelling and try again.

During handling of the above exception, another exception occurred:

Traceback (most recent call last):
  File "C:\Users\Maria\AppData\Roaming\Python\Python313\site-packages\flask\app.py", line 1511, in wsgi_app
    response = self.full_dispatch_request()
  File "C:\Users\Maria\AppData\Roaming\Python\Python313\site-packages\flask\app.py", line 919, in full_dispatch_request
    rv = self.handle_user_exception(e)
  File "C:\Users\Maria\AppData\Roaming\Python\Python313\site-packages\flask\app.py", line 802, in handle_user_exception
    return self.handle_http_exception(e)
           ~~~~~~~~~~~~~~~~~~~~~~~~~~^^^
  File "C:\Users\Maria\AppData\Roaming\Python\Python313\site-packages\flask\app.py", line 777, in handle_http_exception
    return self.ensure_sync(handler)(e)  # type: ignore[no-any-return]
           ~~~~~~~~~~~~~~~~~~~~~~~~~^^^
  File "C:\projects\lostandfound\app.py", line 234, in not_found_error
    return render_template('404.html'), 404
           ~~~~~~~~~~~~~~~^^^^^^^^^^^^
  File "C:\Users\Maria\AppData\Roaming\Python\Python313\site-packages\flask\templating.py", line 149, in render_template
    template = app.jinja_env.get_or_select_template(template_name_or_list)
  File "C:\Users\Maria\AppData\Roaming\Python\Python313\site-packages\jinja2\environment.py", line 1087, in get_or_select_template
    return self.get_template(template_name_or_list, parent, globals)
           ~~~~~~~~~~~~~~~~~^^^^^^^^^^^^^^^^^^^^^^^^^^^^^^^^^^^^^^^^
  File "C:\Users\Maria\AppData\Roaming\Python\Python313\site-packages\jinja2\environment.py", line 1016, in get_template
    return self._load_template(name, globals)
           ~~~~~~~~~~~~~~~~~~~^^^^^^^^^^^^^^^
  File "C:\Users\Maria\AppData\Roaming\Python\Python313\site-packages\jinja2\environment.py", line 975, in _load_template
    template = self.loader.load(self, name, self.make_globals(globals))
  File "C:\Users\Maria\AppData\Roaming\Python\Python313\site-packages\jinja2\loaders.py", line 126, in load
    source, filename, uptodate = self.get_source(environment, name)
                                 ~~~~~~~~~~~~~~~^^^^^^^^^^^^^^^^^^^
  File "C:\Users\Maria\AppData\Roaming\Python\Python313\site-packages\flask\templating.py", line 65, in get_source
    return self._get_source_fast(environment, template)
           ~~~~~~~~~~~~~~~~~~~~~^^^^^^^^^^^^^^^^^^^^^^^
  File "C:\Users\Maria\AppData\Roaming\Python\Python313\site-packages\flask\templating.py", line 99, in _get_source_fast
    raise TemplateNotFound(template)
jinja2.exceptions.TemplateNotFound: 404.html
2025-10-26 17:57:48,171 ERROR __main__ 500 error: 500 Internal Server Error: The server encountered an internal error and was unable to complete your request. Either the server is overloaded or there is an error in the application.
2025-10-26 17:57:48,174 INFO werkzeug 127.0.0.1 - - [26/Oct/2025 17:57:48] "[35m[1mGET /static/styles.css HTTP/1.1[0m" 500 -
2025-10-26 17:57:48,201 ERROR werkzeug Error on request:
Traceback (most recent call last):
  File "C:\Users\Maria\AppData\Roaming\Python\Python313\site-packages\flask\app.py", line 917, in full_dispatch_request
    rv = self.dispatch_request()
  File "C:\Users\Maria\AppData\Roaming\Python\Python313\site-packages\flask\app.py", line 902, in dispatch_request
    return self.ensure_sync(self.view_functions[rule.endpoint])(**view_args)  # type: ignore[no-any-return]
           ~~~~~~~~~~~~~~~~~~~~~~~~~~~~~~~~~~~~~~~~~~~~~~~~~~~~^^^^^^^^^^^^^
  File "C:\Users\Maria\AppData\Roaming\Python\Python313\site-packages\flask\app.py", line 278, in <lambda>
    view_func=lambda **kw: self_ref().send_static_file(**kw),  # type: ignore # noqa: B950
                           ~~~~~~~~~~~~~~~~~~~~~~~~~~~^^^^^^
  File "C:\Users\Maria\AppData\Roaming\Python\Python313\site-packages\flask\app.py", line 326, in send_static_file
    return send_from_directory(
    
  File "C:\Users\Maria\AppData\Roaming\Python\Python313\site-packages\flask\helpers.py", line 565, in send_from_directory
    return werkzeug.utils.send_from_directory(  # type: ignore[return-value]
    
  File "C:\Users\Maria\AppData\Roaming\Python\Python313\site-packages\werkzeug\utils.py", line 575, in send_from_directory
    raise NotFound()
werkzeug.exceptions.NotFound: 404 Not Found: The requested URL was not found on the server. If you entered the URL manually please check your spelling and try again.

During handling of the above exception, another exception occurred:

Traceback (most recent call last):
  File "C:\Users\Maria\AppData\Roaming\Python\Python313\site-packages\flask\app.py", line 1511, in wsgi_app
    response = self.full_dispatch_request()
  File "C:\Users\Maria\AppData\Roaming\Python\Python313\site-packages\flask\app.py", line 919, in full_dispatch_request
    rv = self.handle_user_exception(e)
  File "C:\Users\Maria\AppData\Roaming\Python\Python313\site-packages\flask\app.py", line 802, in handle_user_exception
    return self.handle_http_exception(e)
           ~~~~~~~~~~~~~~~~~~~~~~~~~~^^^
  File "C:\Users\Maria\AppData\Roaming\Python\Python313\site-packages\flask\app.py", line 777, in handle_http_exception
    return self.ensure_sync(handler)(e)  # type: ignore[no-any-return]
           ~~~~~~~~~~~~~~~~~~~~~~~~~^^^
  File "C:\projects\lostandfound\app.py", line 234, in not_found_error
    return render_template('404.html'), 404
           ~~~~~~~~~~~~~~~^^^^^^^^^^^^
  File "C:\Users\Maria\AppData\Roaming\Python\Python313\site-packages\flask\templating.py", line 149, in render_template
    template = app.jinja_env.get_or_select_template(template_name_or_list)
  File "C:\Users\Maria\AppData\Roaming\Python\Python313\site-packages\jinja2\environment.py", line 1087, in get_or_select_template
    return self.get_template(template_name_or_list, parent, globals)
           ~~~~~~~~~~~~~~~~~^^^^^^^^^^^^^^^^^^^^^^^^^^^^^^^^^^^^^^^^
  File "C:\Users\Maria\AppData\Roaming\Python\Python313\site-packages\jinja2\environment.py", line 1016, in get_template
    return self._load_template(name, globals)
           ~~~~~~~~~~~~~~~~~~~^^^^^^^^^^^^^^^
  File "C:\Users\Maria\AppData\Roaming\Python\Python313\site-packages\jinja2\environment.py", line 975, in _load_template
    template = self.loader.load(self, name, self.make_globals(globals))
  File "C:\Users\Maria\AppData\Roaming\Python\Python313\site-packages\jinja2\loaders.py", line 126, in load
    source, filename, uptodate = self.get_source(environment, name)
                                 ~~~~~~~~~~~~~~~^^^^^^^^^^^^^^^^^^^
  File "C:\Users\Maria\AppData\Roaming\Python\Python313\site-packages\flask\templating.py", line 65, in get_source
    return self._get_source_fast(environment, template)
           ~~~~~~~~~~~~~~~~~~~~~^^^^^^^^^^^^^^^^^^^^^^^
  File "C:\Users\Maria\AppData\Roaming\Python\Python313\site-packages\flask\templating.py", line 99, in _get_source_fast
    raise TemplateNotFound(template)
jinja2.exceptions.TemplateNotFound: 404.html

During handling of the above exception, another exception occurred:

Traceback (most recent call last):
  File "C:\Users\Maria\AppData\Roaming\Python\Python313\site-packages\werkzeug\serving.py", line 370, in run_wsgi
    execute(self.server.app)
    ~~~~~~~^^^^^^^^^^^^^^^^^
  File "C:\Users\Maria\AppData\Roaming\Python\Python313\site-packages\werkzeug\serving.py", line 331, in execute
    application_iter = app(environ, start_response)
  File "C:\Users\Maria\AppData\Roaming\Python\Python313\site-packages\flask\app.py", line 1536, in __call__
    return self.wsgi_app(environ, start_response)
           ~~~~~~~~~~~~~^^^^^^^^^^^^^^^^^^^^^^^^^
  File "C:\Users\Maria\AppData\Roaming\Python\Python313\site-packages\flask\app.py", line 1514, in wsgi_app
    response = self.handle_exception(e)
  File "C:\Users\Maria\AppData\Roaming\Python\Python313\site-packages\flask\app.py", line 860, in handle_exception
    server_error = self.ensure_sync(handler)(server_error)
  File "C:\projects\lostandfound\app.py", line 244, in internal_error
    return render_template('500.html'), 500
           ~~~~~~~~~~~~~~~^^^^^^^^^^^^
  File "C:\Users\Maria\AppData\Roaming\Python\Python313\site-packages\flask\templating.py", line 149, in render_template
    template = app.jinja_env.get_or_select_template(template_name_or_list)
  File "C:\Users\Maria\AppData\Roaming\Python\Python313\site-packages\jinja2\environment.py", line 1087, in get_or_select_template
    return self.get_template(template_name_or_list, parent, globals)
           ~~~~~~~~~~~~~~~~~^^^^^^^^^^^^^^^^^^^^^^^^^^^^^^^^^^^^^^^^
  File "C:\Users\Maria\AppData\Roaming\Python\Python313\site-packages\jinja2\environment.py", line 1016, in get_template
    return self._load_template(name, globals)
           ~~~~~~~~~~~~~~~~~~~^^^^^^^^^^^^^^^
  File "C:\Users\Maria\AppData\Roaming\Python\Python313\site-packages\jinja2\environment.py", line 975, in _load_template
    template = self.loader.load(self, name, self.make_globals(globals))
  File "C:\Users\Maria\AppData\Roaming\Python\Python313\site-packages\jinja2\loaders.py", line 126, in load
    source, filename, uptodate = self.get_source(environment, name)
                                 ~~~~~~~~~~~~~~~^^^^^^^^^^^^^^^^^^^
  File "C:\Users\Maria\AppData\Roaming\Python\Python313\site-packages\flask\templating.py", line 65, in get_source
    return self._get_source_fast(environment, template)
           ~~~~~~~~~~~~~~~~~~~~~^^^^^^^^^^^^^^^^^^^^^^^
  File "C:\Users\Maria\AppData\Roaming\Python\Python313\site-packages\flask\templating.py", line 99, in _get_source_fast
    raise TemplateNotFound(template)
jinja2.exceptions.TemplateNotFound: 500.html
2025-10-26 17:57:55,284 INFO werkzeug 127.0.0.1 - - [26/Oct/2025 17:57:55] "[32mGET /login HTTP/1.1[0m" 302 -
2025-10-26 17:57:55,327 INFO werkzeug 127.0.0.1 - - [26/Oct/2025 17:57:55] "GET /admin_dashboard HTTP/1.1" 200 -
2025-10-26 17:57:55,356 ERROR app Exception on /static/styles.css [GET]
Traceback (most recent call last):
  File "C:\Users\Maria\AppData\Roaming\Python\Python313\site-packages\flask\app.py", line 917, in full_dispatch_request
    rv = self.dispatch_request()
  File "C:\Users\Maria\AppData\Roaming\Python\Python313\site-packages\flask\app.py", line 902, in dispatch_request
    return self.ensure_sync(self.view_functions[rule.endpoint])(**view_args)  # type: ignore[no-any-return]
           ~~~~~~~~~~~~~~~~~~~~~~~~~~~~~~~~~~~~~~~~~~~~~~~~~~~~^^^^^^^^^^^^^
  File "C:\Users\Maria\AppData\Roaming\Python\Python313\site-packages\flask\app.py", line 278, in <lambda>
    view_func=lambda **kw: self_ref().send_static_file(**kw),  # type: ignore # noqa: B950
                           ~~~~~~~~~~~~~~~~~~~~~~~~~~~^^^^^^
  File "C:\Users\Maria\AppData\Roaming\Python\Python313\site-packages\flask\app.py", line 326, in send_static_file
    return send_from_directory(
        t.cast(str, self.static_folder), filename, max_age=max_age
    )
  File "C:\Users\Maria\AppData\Roaming\Python\Python313\site-packages\flask\helpers.py", line 565, in send_from_directory
    return werkzeug.utils.send_from_directory(  # type: ignore[return-value]
           ~~~~~~~~~~~~~~~~~~~~~~~~~~~~~~~~~~^^^^^^^^^^^^^^^^^^^^^^^^^^^^^^^
        directory, path, **_prepare_send_file_kwargs(**kwargs)
        ^^^^^^^^^^^^^^^^^^^^^^^^^^^^^^^^^^^^^^^^^^^^^^^^^^^^^^
    )
    ^
  File "C:\Users\Maria\AppData\Roaming\Python\Python313\site-packages\werkzeug\utils.py", line 575, in send_from_directory
    raise NotFound()
werkzeug.exceptions.NotFound: 404 Not Found: The requested URL was not found on the server. If you entered the URL manually please check your spelling and try again.

During handling of the above exception, another exception occurred:

Traceback (most recent call last):
  File "C:\Users\Maria\AppData\Roaming\Python\Python313\site-packages\flask\app.py", line 1511, in wsgi_app
    response = self.full_dispatch_request()
  File "C:\Users\Maria\AppData\Roaming\Python\Python313\site-packages\flask\app.py", line 919, in full_dispatch_request
    rv = self.handle_user_exception(e)
  File "C:\Users\Maria\AppData\Roaming\Python\Python313\site-packages\flask\app.py", line 802, in handle_user_exception
    return self.handle_http_exception(e)
           ~~~~~~~~~~~~~~~~~~~~~~~~~~^^^
  File "C:\Users\Maria\AppData\Roaming\Python\Python313\site-packages\flask\app.py", line 777, in handle_http_exception
    return self.ensure_sync(handler)(e)  # type: ignore[no-any-return]
           ~~~~~~~~~~~~~~~~~~~~~~~~~^^^
  File "C:\projects\lostandfound\app.py", line 234, in not_found_error
    return render_template('404.html'), 404
           ~~~~~~~~~~~~~~~^^^^^^^^^^^^
  File "C:\Users\Maria\AppData\Roaming\Python\Python313\site-packages\flask\templating.py", line 149, in render_template
    template = app.jinja_env.get_or_select_template(template_name_or_list)
  File "C:\Users\Maria\AppData\Roaming\Python\Python313\site-packages\jinja2\environment.py", line 1087, in get_or_select_template
    return self.get_template(template_name_or_list, parent, globals)
           ~~~~~~~~~~~~~~~~~^^^^^^^^^^^^^^^^^^^^^^^^^^^^^^^^^^^^^^^^
  File "C:\Users\Maria\AppData\Roaming\Python\Python313\site-packages\jinja2\environment.py", line 1016, in get_template
    return self._load_template(name, globals)
           ~~~~~~~~~~~~~~~~~~~^^^^^^^^^^^^^^^
  File "C:\Users\Maria\AppData\Roaming\Python\Python313\site-packages\jinja2\environment.py", line 975, in _load_template
    template = self.loader.load(self, name, self.make_globals(globals))
  File "C:\Users\Maria\AppData\Roaming\Python\Python313\site-packages\jinja2\loaders.py", line 126, in load
    source, filename, uptodate = self.get_source(environment, name)
                                 ~~~~~~~~~~~~~~~^^^^^^^^^^^^^^^^^^^
  File "C:\Users\Maria\AppData\Roaming\Python\Python313\site-packages\flask\templating.py", line 65, in get_source
    return self._get_source_fast(environment, template)
           ~~~~~~~~~~~~~~~~~~~~~^^^^^^^^^^^^^^^^^^^^^^^
  File "C:\Users\Maria\AppData\Roaming\Python\Python313\site-packages\flask\templating.py", line 99, in _get_source_fast
    raise TemplateNotFound(template)
jinja2.exceptions.TemplateNotFound: 404.html
2025-10-26 17:57:55,367 ERROR __main__ 500 error: 500 Internal Server Error: The server encountered an internal error and was unable to complete your request. Either the server is overloaded or there is an error in the application.
2025-10-26 17:57:55,369 INFO werkzeug 127.0.0.1 - - [26/Oct/2025 17:57:55] "[35m[1mGET /static/styles.css HTTP/1.1[0m" 500 -
2025-10-26 17:57:55,393 ERROR werkzeug Error on request:
Traceback (most recent call last):
  File "C:\Users\Maria\AppData\Roaming\Python\Python313\site-packages\flask\app.py", line 917, in full_dispatch_request
    rv = self.dispatch_request()
  File "C:\Users\Maria\AppData\Roaming\Python\Python313\site-packages\flask\app.py", line 902, in dispatch_request
    return self.ensure_sync(self.view_functions[rule.endpoint])(**view_args)  # type: ignore[no-any-return]
           ~~~~~~~~~~~~~~~~~~~~~~~~~~~~~~~~~~~~~~~~~~~~~~~~~~~~^^^^^^^^^^^^^
  File "C:\Users\Maria\AppData\Roaming\Python\Python313\site-packages\flask\app.py", line 278, in <lambda>
    view_func=lambda **kw: self_ref().send_static_file(**kw),  # type: ignore # noqa: B950
                           ~~~~~~~~~~~~~~~~~~~~~~~~~~~^^^^^^
  File "C:\Users\Maria\AppData\Roaming\Python\Python313\site-packages\flask\app.py", line 326, in send_static_file
    return send_from_directory(
    
  File "C:\Users\Maria\AppData\Roaming\Python\Python313\site-packages\flask\helpers.py", line 565, in send_from_directory
    return werkzeug.utils.send_from_directory(  # type: ignore[return-value]
    
  File "C:\Users\Maria\AppData\Roaming\Python\Python313\site-packages\werkzeug\utils.py", line 575, in send_from_directory
    raise NotFound()
werkzeug.exceptions.NotFound: 404 Not Found: The requested URL was not found on the server. If you entered the URL manually please check your spelling and try again.

During handling of the above exception, another exception occurred:

Traceback (most recent call last):
  File "C:\Users\Maria\AppData\Roaming\Python\Python313\site-packages\flask\app.py", line 1511, in wsgi_app
    response = self.full_dispatch_request()
  File "C:\Users\Maria\AppData\Roaming\Python\Python313\site-packages\flask\app.py", line 919, in full_dispatch_request
    rv = self.handle_user_exception(e)
  File "C:\Users\Maria\AppData\Roaming\Python\Python313\site-packages\flask\app.py", line 802, in handle_user_exception
    return self.handle_http_exception(e)
           ~~~~~~~~~~~~~~~~~~~~~~~~~~^^^
  File "C:\Users\Maria\AppData\Roaming\Python\Python313\site-packages\flask\app.py", line 777, in handle_http_exception
    return self.ensure_sync(handler)(e)  # type: ignore[no-any-return]
           ~~~~~~~~~~~~~~~~~~~~~~~~~^^^
  File "C:\projects\lostandfound\app.py", line 234, in not_found_error
    return render_template('404.html'), 404
           ~~~~~~~~~~~~~~~^^^^^^^^^^^^
  File "C:\Users\Maria\AppData\Roaming\Python\Python313\site-packages\flask\templating.py", line 149, in render_template
    template = app.jinja_env.get_or_select_template(template_name_or_list)
  File "C:\Users\Maria\AppData\Roaming\Python\Python313\site-packages\jinja2\environment.py", line 1087, in get_or_select_template
    return self.get_template(template_name_or_list, parent, globals)
           ~~~~~~~~~~~~~~~~~^^^^^^^^^^^^^^^^^^^^^^^^^^^^^^^^^^^^^^^^
  File "C:\Users\Maria\AppData\Roaming\Python\Python313\site-packages\jinja2\environment.py", line 1016, in get_template
    return self._load_template(name, globals)
           ~~~~~~~~~~~~~~~~~~~^^^^^^^^^^^^^^^
  File "C:\Users\Maria\AppData\Roaming\Python\Python313\site-packages\jinja2\environment.py", line 975, in _load_template
    template = self.loader.load(self, name, self.make_globals(globals))
  File "C:\Users\Maria\AppData\Roaming\Python\Python313\site-packages\jinja2\loaders.py", line 126, in load
    source, filename, uptodate = self.get_source(environment, name)
                                 ~~~~~~~~~~~~~~~^^^^^^^^^^^^^^^^^^^
  File "C:\Users\Maria\AppData\Roaming\Python\Python313\site-packages\flask\templating.py", line 65, in get_source
    return self._get_source_fast(environment, template)
           ~~~~~~~~~~~~~~~~~~~~~^^^^^^^^^^^^^^^^^^^^^^^
  File "C:\Users\Maria\AppData\Roaming\Python\Python313\site-packages\flask\templating.py", line 99, in _get_source_fast
    raise TemplateNotFound(template)
jinja2.exceptions.TemplateNotFound: 404.html

During handling of the above exception, another exception occurred:

Traceback (most recent call last):
  File "C:\Users\Maria\AppData\Roaming\Python\Python313\site-packages\werkzeug\serving.py", line 370, in run_wsgi
    execute(self.server.app)
    ~~~~~~~^^^^^^^^^^^^^^^^^
  File "C:\Users\Maria\AppData\Roaming\Python\Python313\site-packages\werkzeug\serving.py", line 331, in execute
    application_iter = app(environ, start_response)
  File "C:\Users\Maria\AppData\Roaming\Python\Python313\site-packages\flask\app.py", line 1536, in __call__
    return self.wsgi_app(environ, start_response)
           ~~~~~~~~~~~~~^^^^^^^^^^^^^^^^^^^^^^^^^
  File "C:\Users\Maria\AppData\Roaming\Python\Python313\site-packages\flask\app.py", line 1514, in wsgi_app
    response = self.handle_exception(e)
  File "C:\Users\Maria\AppData\Roaming\Python\Python313\site-packages\flask\app.py", line 860, in handle_exception
    server_error = self.ensure_sync(handler)(server_error)
  File "C:\projects\lostandfound\app.py", line 244, in internal_error
    return render_template('500.html'), 500
           ~~~~~~~~~~~~~~~^^^^^^^^^^^^
  File "C:\Users\Maria\AppData\Roaming\Python\Python313\site-packages\flask\templating.py", line 149, in render_template
    template = app.jinja_env.get_or_select_template(template_name_or_list)
  File "C:\Users\Maria\AppData\Roaming\Python\Python313\site-packages\jinja2\environment.py", line 1087, in get_or_select_template
    return self.get_template(template_name_or_list, parent, globals)
           ~~~~~~~~~~~~~~~~~^^^^^^^^^^^^^^^^^^^^^^^^^^^^^^^^^^^^^^^^
  File "C:\Users\Maria\AppData\Roaming\Python\Python313\site-packages\jinja2\environment.py", line 1016, in get_template
    return self._load_template(name, globals)
           ~~~~~~~~~~~~~~~~~~~^^^^^^^^^^^^^^^
  File "C:\Users\Maria\AppData\Roaming\Python\Python313\site-packages\jinja2\environment.py", line 975, in _load_template
    template = self.loader.load(self, name, self.make_globals(globals))
  File "C:\Users\Maria\AppData\Roaming\Python\Python313\site-packages\jinja2\loaders.py", line 126, in load
    source, filename, uptodate = self.get_source(environment, name)
                                 ~~~~~~~~~~~~~~~^^^^^^^^^^^^^^^^^^^
  File "C:\Users\Maria\AppData\Roaming\Python\Python313\site-packages\flask\templating.py", line 65, in get_source
    return self._get_source_fast(environment, template)
           ~~~~~~~~~~~~~~~~~~~~~^^^^^^^^^^^^^^^^^^^^^^^
  File "C:\Users\Maria\AppData\Roaming\Python\Python313\site-packages\flask\templating.py", line 99, in _get_source_fast
    raise TemplateNotFound(template)
jinja2.exceptions.TemplateNotFound: 500.html
2025-10-26 17:58:01,850 INFO werkzeug 127.0.0.1 - - [26/Oct/2025 17:58:01] "[32mGET /register HTTP/1.1[0m" 302 -
2025-10-26 17:58:01,897 INFO werkzeug 127.0.0.1 - - [26/Oct/2025 17:58:01] "[32mGET /dashboard HTTP/1.1[0m" 302 -
2025-10-26 17:58:01,921 INFO werkzeug 127.0.0.1 - - [26/Oct/2025 17:58:01] "GET /admin_dashboard HTTP/1.1" 200 -
2025-10-26 17:58:01,968 ERROR app Exception on /static/styles.css [GET]
Traceback (most recent call last):
  File "C:\Users\Maria\AppData\Roaming\Python\Python313\site-packages\flask\app.py", line 917, in full_dispatch_request
    rv = self.dispatch_request()
  File "C:\Users\Maria\AppData\Roaming\Python\Python313\site-packages\flask\app.py", line 902, in dispatch_request
    return self.ensure_sync(self.view_functions[rule.endpoint])(**view_args)  # type: ignore[no-any-return]
           ~~~~~~~~~~~~~~~~~~~~~~~~~~~~~~~~~~~~~~~~~~~~~~~~~~~~^^^^^^^^^^^^^
  File "C:\Users\Maria\AppData\Roaming\Python\Python313\site-packages\flask\app.py", line 278, in <lambda>
    view_func=lambda **kw: self_ref().send_static_file(**kw),  # type: ignore # noqa: B950
                           ~~~~~~~~~~~~~~~~~~~~~~~~~~~^^^^^^
  File "C:\Users\Maria\AppData\Roaming\Python\Python313\site-packages\flask\app.py", line 326, in send_static_file
    return send_from_directory(
        t.cast(str, self.static_folder), filename, max_age=max_age
    )
  File "C:\Users\Maria\AppData\Roaming\Python\Python313\site-packages\flask\helpers.py", line 565, in send_from_directory
    return werkzeug.utils.send_from_directory(  # type: ignore[return-value]
           ~~~~~~~~~~~~~~~~~~~~~~~~~~~~~~~~~~^^^^^^^^^^^^^^^^^^^^^^^^^^^^^^^
        directory, path, **_prepare_send_file_kwargs(**kwargs)
        ^^^^^^^^^^^^^^^^^^^^^^^^^^^^^^^^^^^^^^^^^^^^^^^^^^^^^^
    )
    ^
  File "C:\Users\Maria\AppData\Roaming\Python\Python313\site-packages\werkzeug\utils.py", line 575, in send_from_directory
    raise NotFound()
werkzeug.exceptions.NotFound: 404 Not Found: The requested URL was not found on the server. If you entered the URL manually please check your spelling and try again.

During handling of the above exception, another exception occurred:

Traceback (most recent call last):
  File "C:\Users\Maria\AppData\Roaming\Python\Python313\site-packages\flask\app.py", line 1511, in wsgi_app
    response = self.full_dispatch_request()
  File "C:\Users\Maria\AppData\Roaming\Python\Python313\site-packages\flask\app.py", line 919, in full_dispatch_request
    rv = self.handle_user_exception(e)
  File "C:\Users\Maria\AppData\Roaming\Python\Python313\site-packages\flask\app.py", line 802, in handle_user_exception
    return self.handle_http_exception(e)
           ~~~~~~~~~~~~~~~~~~~~~~~~~~^^^
  File "C:\Users\Maria\AppData\Roaming\Python\Python313\site-packages\flask\app.py", line 777, in handle_http_exception
    return self.ensure_sync(handler)(e)  # type: ignore[no-any-return]
           ~~~~~~~~~~~~~~~~~~~~~~~~~^^^
  File "C:\projects\lostandfound\app.py", line 234, in not_found_error
    return render_template('404.html'), 404
           ~~~~~~~~~~~~~~~^^^^^^^^^^^^
  File "C:\Users\Maria\AppData\Roaming\Python\Python313\site-packages\flask\templating.py", line 149, in render_template
    template = app.jinja_env.get_or_select_template(template_name_or_list)
  File "C:\Users\Maria\AppData\Roaming\Python\Python313\site-packages\jinja2\environment.py", line 1087, in get_or_select_template
    return self.get_template(template_name_or_list, parent, globals)
           ~~~~~~~~~~~~~~~~~^^^^^^^^^^^^^^^^^^^^^^^^^^^^^^^^^^^^^^^^
  File "C:\Users\Maria\AppData\Roaming\Python\Python313\site-packages\jinja2\environment.py", line 1016, in get_template
    return self._load_template(name, globals)
           ~~~~~~~~~~~~~~~~~~~^^^^^^^^^^^^^^^
  File "C:\Users\Maria\AppData\Roaming\Python\Python313\site-packages\jinja2\environment.py", line 975, in _load_template
    template = self.loader.load(self, name, self.make_globals(globals))
  File "C:\Users\Maria\AppData\Roaming\Python\Python313\site-packages\jinja2\loaders.py", line 126, in load
    source, filename, uptodate = self.get_source(environment, name)
                                 ~~~~~~~~~~~~~~~^^^^^^^^^^^^^^^^^^^
  File "C:\Users\Maria\AppData\Roaming\Python\Python313\site-packages\flask\templating.py", line 65, in get_source
    return self._get_source_fast(environment, template)
           ~~~~~~~~~~~~~~~~~~~~~^^^^^^^^^^^^^^^^^^^^^^^
  File "C:\Users\Maria\AppData\Roaming\Python\Python313\site-packages\flask\templating.py", line 99, in _get_source_fast
    raise TemplateNotFound(template)
jinja2.exceptions.TemplateNotFound: 404.html
2025-10-26 17:58:01,980 ERROR __main__ 500 error: 500 Internal Server Error: The server encountered an internal error and was unable to complete your request. Either the server is overloaded or there is an error in the application.
2025-10-26 17:58:01,984 INFO werkzeug 127.0.0.1 - - [26/Oct/2025 17:58:01] "[35m[1mGET /static/styles.css HTTP/1.1[0m" 500 -
2025-10-26 17:58:02,011 ERROR werkzeug Error on request:
Traceback (most recent call last):
  File "C:\Users\Maria\AppData\Roaming\Python\Python313\site-packages\flask\app.py", line 917, in full_dispatch_request
    rv = self.dispatch_request()
  File "C:\Users\Maria\AppData\Roaming\Python\Python313\site-packages\flask\app.py", line 902, in dispatch_request
    return self.ensure_sync(self.view_functions[rule.endpoint])(**view_args)  # type: ignore[no-any-return]
           ~~~~~~~~~~~~~~~~~~~~~~~~~~~~~~~~~~~~~~~~~~~~~~~~~~~~^^^^^^^^^^^^^
  File "C:\Users\Maria\AppData\Roaming\Python\Python313\site-packages\flask\app.py", line 278, in <lambda>
    view_func=lambda **kw: self_ref().send_static_file(**kw),  # type: ignore # noqa: B950
                           ~~~~~~~~~~~~~~~~~~~~~~~~~~~^^^^^^
  File "C:\Users\Maria\AppData\Roaming\Python\Python313\site-packages\flask\app.py", line 326, in send_static_file
    return send_from_directory(
    
  File "C:\Users\Maria\AppData\Roaming\Python\Python313\site-packages\flask\helpers.py", line 565, in send_from_directory
    return werkzeug.utils.send_from_directory(  # type: ignore[return-value]
    
  File "C:\Users\Maria\AppData\Roaming\Python\Python313\site-packages\werkzeug\utils.py", line 575, in send_from_directory
    raise NotFound()
werkzeug.exceptions.NotFound: 404 Not Found: The requested URL was not found on the server. If you entered the URL manually please check your spelling and try again.

During handling of the above exception, another exception occurred:

Traceback (most recent call last):
  File "C:\Users\Maria\AppData\Roaming\Python\Python313\site-packages\flask\app.py", line 1511, in wsgi_app
    response = self.full_dispatch_request()
  File "C:\Users\Maria\AppData\Roaming\Python\Python313\site-packages\flask\app.py", line 919, in full_dispatch_request
    rv = self.handle_user_exception(e)
  File "C:\Users\Maria\AppData\Roaming\Python\Python313\site-packages\flask\app.py", line 802, in handle_user_exception
    return self.handle_http_exception(e)
           ~~~~~~~~~~~~~~~~~~~~~~~~~~^^^
  File "C:\Users\Maria\AppData\Roaming\Python\Python313\site-packages\flask\app.py", line 777, in handle_http_exception
    return self.ensure_sync(handler)(e)  # type: ignore[no-any-return]
           ~~~~~~~~~~~~~~~~~~~~~~~~~^^^
  File "C:\projects\lostandfound\app.py", line 234, in not_found_error
    return render_template('404.html'), 404
           ~~~~~~~~~~~~~~~^^^^^^^^^^^^
  File "C:\Users\Maria\AppData\Roaming\Python\Python313\site-packages\flask\templating.py", line 149, in render_template
    template = app.jinja_env.get_or_select_template(template_name_or_list)
  File "C:\Users\Maria\AppData\Roaming\Python\Python313\site-packages\jinja2\environment.py", line 1087, in get_or_select_template
    return self.get_template(template_name_or_list, parent, globals)
           ~~~~~~~~~~~~~~~~~^^^^^^^^^^^^^^^^^^^^^^^^^^^^^^^^^^^^^^^^
  File "C:\Users\Maria\AppData\Roaming\Python\Python313\site-packages\jinja2\environment.py", line 1016, in get_template
    return self._load_template(name, globals)
           ~~~~~~~~~~~~~~~~~~~^^^^^^^^^^^^^^^
  File "C:\Users\Maria\AppData\Roaming\Python\Python313\site-packages\jinja2\environment.py", line 975, in _load_template
    template = self.loader.load(self, name, self.make_globals(globals))
  File "C:\Users\Maria\AppData\Roaming\Python\Python313\site-packages\jinja2\loaders.py", line 126, in load
    source, filename, uptodate = self.get_source(environment, name)
                                 ~~~~~~~~~~~~~~~^^^^^^^^^^^^^^^^^^^
  File "C:\Users\Maria\AppData\Roaming\Python\Python313\site-packages\flask\templating.py", line 65, in get_source
    return self._get_source_fast(environment, template)
           ~~~~~~~~~~~~~~~~~~~~~^^^^^^^^^^^^^^^^^^^^^^^
  File "C:\Users\Maria\AppData\Roaming\Python\Python313\site-packages\flask\templating.py", line 99, in _get_source_fast
    raise TemplateNotFound(template)
jinja2.exceptions.TemplateNotFound: 404.html

During handling of the above exception, another exception occurred:

Traceback (most recent call last):
  File "C:\Users\Maria\AppData\Roaming\Python\Python313\site-packages\werkzeug\serving.py", line 370, in run_wsgi
    execute(self.server.app)
    ~~~~~~~^^^^^^^^^^^^^^^^^
  File "C:\Users\Maria\AppData\Roaming\Python\Python313\site-packages\werkzeug\serving.py", line 331, in execute
    application_iter = app(environ, start_response)
  File "C:\Users\Maria\AppData\Roaming\Python\Python313\site-packages\flask\app.py", line 1536, in __call__
    return self.wsgi_app(environ, start_response)
           ~~~~~~~~~~~~~^^^^^^^^^^^^^^^^^^^^^^^^^
  File "C:\Users\Maria\AppData\Roaming\Python\Python313\site-packages\flask\app.py", line 1514, in wsgi_app
    response = self.handle_exception(e)
  File "C:\Users\Maria\AppData\Roaming\Python\Python313\site-packages\flask\app.py", line 860, in handle_exception
    server_error = self.ensure_sync(handler)(server_error)
  File "C:\projects\lostandfound\app.py", line 244, in internal_error
    return render_template('500.html'), 500
           ~~~~~~~~~~~~~~~^^^^^^^^^^^^
  File "C:\Users\Maria\AppData\Roaming\Python\Python313\site-packages\flask\templating.py", line 149, in render_template
    template = app.jinja_env.get_or_select_template(template_name_or_list)
  File "C:\Users\Maria\AppData\Roaming\Python\Python313\site-packages\jinja2\environment.py", line 1087, in get_or_select_template
    return self.get_template(template_name_or_list, parent, globals)
           ~~~~~~~~~~~~~~~~~^^^^^^^^^^^^^^^^^^^^^^^^^^^^^^^^^^^^^^^^
  File "C:\Users\Maria\AppData\Roaming\Python\Python313\site-packages\jinja2\environment.py", line 1016, in get_template
    return self._load_template(name, globals)
           ~~~~~~~~~~~~~~~~~~~^^^^^^^^^^^^^^^
  File "C:\Users\Maria\AppData\Roaming\Python\Python313\site-packages\jinja2\environment.py", line 975, in _load_template
    template = self.loader.load(self, name, self.make_globals(globals))
  File "C:\Users\Maria\AppData\Roaming\Python\Python313\site-packages\jinja2\loaders.py", line 126, in load
    source, filename, uptodate = self.get_source(environment, name)
                                 ~~~~~~~~~~~~~~~^^^^^^^^^^^^^^^^^^^
  File "C:\Users\Maria\AppData\Roaming\Python\Python313\site-packages\flask\templating.py", line 65, in get_source
    return self._get_source_fast(environment, template)
           ~~~~~~~~~~~~~~~~~~~~~^^^^^^^^^^^^^^^^^^^^^^^
  File "C:\Users\Maria\AppData\Roaming\Python\Python313\site-packages\flask\templating.py", line 99, in _get_source_fast
    raise TemplateNotFound(template)
jinja2.exceptions.TemplateNotFound: 500.html
2025-10-26 17:58:11,232 INFO __main__ User logged out: admin@lostfound.com
2025-10-26 17:58:11,235 INFO werkzeug 127.0.0.1 - - [26/Oct/2025 17:58:11] "[32mGET /logout HTTP/1.1[0m" 302 -
2025-10-26 17:58:11,243 ERROR app Exception on / [GET]
Traceback (most recent call last):
  File "C:\Users\Maria\AppData\Roaming\Python\Python313\site-packages\flask\app.py", line 1511, in wsgi_app
    response = self.full_dispatch_request()
  File "C:\Users\Maria\AppData\Roaming\Python\Python313\site-packages\flask\app.py", line 919, in full_dispatch_request
    rv = self.handle_user_exception(e)
  File "C:\Users\Maria\AppData\Roaming\Python\Python313\site-packages\flask\app.py", line 917, in full_dispatch_request
    rv = self.dispatch_request()
  File "C:\Users\Maria\AppData\Roaming\Python\Python313\site-packages\flask\app.py", line 902, in dispatch_request
    return self.ensure_sync(self.view_functions[rule.endpoint])(**view_args)  # type: ignore[no-any-return]
           ~~~~~~~~~~~~~~~~~~~~~~~~~~~~~~~~~~~~~~~~~~~~~~~~~~~~^^^^^^^^^^^^^
  File "C:\projects\lostandfound\app.py", line 259, in index
    return render_template('index.html')
  File "C:\Users\Maria\AppData\Roaming\Python\Python313\site-packages\flask\templating.py", line 149, in render_template
    template = app.jinja_env.get_or_select_template(template_name_or_list)
  File "C:\Users\Maria\AppData\Roaming\Python\Python313\site-packages\jinja2\environment.py", line 1087, in get_or_select_template
    return self.get_template(template_name_or_list, parent, globals)
           ~~~~~~~~~~~~~~~~~^^^^^^^^^^^^^^^^^^^^^^^^^^^^^^^^^^^^^^^^
  File "C:\Users\Maria\AppData\Roaming\Python\Python313\site-packages\jinja2\environment.py", line 1016, in get_template
    return self._load_template(name, globals)
           ~~~~~~~~~~~~~~~~~~~^^^^^^^^^^^^^^^
  File "C:\Users\Maria\AppData\Roaming\Python\Python313\site-packages\jinja2\environment.py", line 975, in _load_template
    template = self.loader.load(self, name, self.make_globals(globals))
  File "C:\Users\Maria\AppData\Roaming\Python\Python313\site-packages\jinja2\loaders.py", line 126, in load
    source, filename, uptodate = self.get_source(environment, name)
                                 ~~~~~~~~~~~~~~~^^^^^^^^^^^^^^^^^^^
  File "C:\Users\Maria\AppData\Roaming\Python\Python313\site-packages\flask\templating.py", line 65, in get_source
    return self._get_source_fast(environment, template)
           ~~~~~~~~~~~~~~~~~~~~~^^^^^^^^^^^^^^^^^^^^^^^
  File "C:\Users\Maria\AppData\Roaming\Python\Python313\site-packages\flask\templating.py", line 99, in _get_source_fast
    raise TemplateNotFound(template)
jinja2.exceptions.TemplateNotFound: index.html
2025-10-26 17:58:11,249 ERROR __main__ 500 error: 500 Internal Server Error: The server encountered an internal error and was unable to complete your request. Either the server is overloaded or there is an error in the application.
2025-10-26 17:58:11,252 INFO werkzeug 127.0.0.1 - - [26/Oct/2025 17:58:11] "[35m[1mGET / HTTP/1.1[0m" 500 -
2025-10-26 17:58:11,271 ERROR werkzeug Error on request:
Traceback (most recent call last):
  File "C:\Users\Maria\AppData\Roaming\Python\Python313\site-packages\flask\app.py", line 1511, in wsgi_app
    response = self.full_dispatch_request()
  File "C:\Users\Maria\AppData\Roaming\Python\Python313\site-packages\flask\app.py", line 919, in full_dispatch_request
    rv = self.handle_user_exception(e)
  File "C:\Users\Maria\AppData\Roaming\Python\Python313\site-packages\flask\app.py", line 917, in full_dispatch_request
    rv = self.dispatch_request()
  File "C:\Users\Maria\AppData\Roaming\Python\Python313\site-packages\flask\app.py", line 902, in dispatch_request
    return self.ensure_sync(self.view_functions[rule.endpoint])(**view_args)  # type: ignore[no-any-return]
           ~~~~~~~~~~~~~~~~~~~~~~~~~~~~~~~~~~~~~~~~~~~~~~~~~~~~^^^^^^^^^^^^^
  File "C:\projects\lostandfound\app.py", line 259, in index
    return render_template('index.html')
  File "C:\Users\Maria\AppData\Roaming\Python\Python313\site-packages\flask\templating.py", line 149, in render_template
    template = app.jinja_env.get_or_select_template(template_name_or_list)
  File "C:\Users\Maria\AppData\Roaming\Python\Python313\site-packages\jinja2\environment.py", line 1087, in get_or_select_template
    return self.get_template(template_name_or_list, parent, globals)
           ~~~~~~~~~~~~~~~~~^^^^^^^^^^^^^^^^^^^^^^^^^^^^^^^^^^^^^^^^
  File "C:\Users\Maria\AppData\Roaming\Python\Python313\site-packages\jinja2\environment.py", line 1016, in get_template
    return self._load_template(name, globals)
           ~~~~~~~~~~~~~~~~~~~^^^^^^^^^^^^^^^
  File "C:\Users\Maria\AppData\Roaming\Python\Python313\site-packages\jinja2\environment.py", line 975, in _load_template
    template = self.loader.load(self, name, self.make_globals(globals))
  File "C:\Users\Maria\AppData\Roaming\Python\Python313\site-packages\jinja2\loaders.py", line 126, in load
    source, filename, uptodate = self.get_source(environment, name)
                                 ~~~~~~~~~~~~~~~^^^^^^^^^^^^^^^^^^^
  File "C:\Users\Maria\AppData\Roaming\Python\Python313\site-packages\flask\templating.py", line 65, in get_source
    return self._get_source_fast(environment, template)
           ~~~~~~~~~~~~~~~~~~~~~^^^^^^^^^^^^^^^^^^^^^^^
  File "C:\Users\Maria\AppData\Roaming\Python\Python313\site-packages\flask\templating.py", line 99, in _get_source_fast
    raise TemplateNotFound(template)
jinja2.exceptions.TemplateNotFound: index.html

During handling of the above exception, another exception occurred:

Traceback (most recent call last):
  File "C:\Users\Maria\AppData\Roaming\Python\Python313\site-packages\werkzeug\serving.py", line 370, in run_wsgi
    execute(self.server.app)
    ~~~~~~~^^^^^^^^^^^^^^^^^
  File "C:\Users\Maria\AppData\Roaming\Python\Python313\site-packages\werkzeug\serving.py", line 331, in execute
    application_iter = app(environ, start_response)
  File "C:\Users\Maria\AppData\Roaming\Python\Python313\site-packages\flask\app.py", line 1536, in __call__
    return self.wsgi_app(environ, start_response)
           ~~~~~~~~~~~~~^^^^^^^^^^^^^^^^^^^^^^^^^
  File "C:\Users\Maria\AppData\Roaming\Python\Python313\site-packages\flask\app.py", line 1514, in wsgi_app
    response = self.handle_exception(e)
  File "C:\Users\Maria\AppData\Roaming\Python\Python313\site-packages\flask\app.py", line 860, in handle_exception
    server_error = self.ensure_sync(handler)(server_error)
  File "C:\projects\lostandfound\app.py", line 244, in internal_error
    return render_template('500.html'), 500
           ~~~~~~~~~~~~~~~^^^^^^^^^^^^
  File "C:\Users\Maria\AppData\Roaming\Python\Python313\site-packages\flask\templating.py", line 149, in render_template
    template = app.jinja_env.get_or_select_template(template_name_or_list)
  File "C:\Users\Maria\AppData\Roaming\Python\Python313\site-packages\jinja2\environment.py", line 1087, in get_or_select_template
    return self.get_template(template_name_or_list, parent, globals)
           ~~~~~~~~~~~~~~~~~^^^^^^^^^^^^^^^^^^^^^^^^^^^^^^^^^^^^^^^^
  File "C:\Users\Maria\AppData\Roaming\Python\Python313\site-packages\jinja2\environment.py", line 1016, in get_template
    return self._load_template(name, globals)
           ~~~~~~~~~~~~~~~~~~~^^^^^^^^^^^^^^^
  File "C:\Users\Maria\AppData\Roaming\Python\Python313\site-packages\jinja2\environment.py", line 975, in _load_template
    template = self.loader.load(self, name, self.make_globals(globals))
  File "C:\Users\Maria\AppData\Roaming\Python\Python313\site-packages\jinja2\loaders.py", line 126, in load
    source, filename, uptodate = self.get_source(environment, name)
                                 ~~~~~~~~~~~~~~~^^^^^^^^^^^^^^^^^^^
  File "C:\Users\Maria\AppData\Roaming\Python\Python313\site-packages\flask\templating.py", line 65, in get_source
    return self._get_source_fast(environment, template)
           ~~~~~~~~~~~~~~~~~~~~~^^^^^^^^^^^^^^^^^^^^^^^
  File "C:\Users\Maria\AppData\Roaming\Python\Python313\site-packages\flask\templating.py", line 99, in _get_source_fast
    raise TemplateNotFound(template)
jinja2.exceptions.TemplateNotFound: 500.html
2025-10-26 17:58:15,331 INFO werkzeug 127.0.0.1 - - [26/Oct/2025 17:58:15] "[32mGET /admin_dashboard HTTP/1.1[0m" 302 -
2025-10-26 17:58:15,354 INFO werkzeug 127.0.0.1 - - [26/Oct/2025 17:58:15] "GET /login?next=/admin_dashboard HTTP/1.1" 200 -
2025-10-26 17:58:36,619 INFO __main__ User logged in: admin@lostfound.com (Role: admin)
2025-10-26 17:58:36,622 INFO werkzeug 127.0.0.1 - - [26/Oct/2025 17:58:36] "[32mPOST /login?next=/admin_dashboard HTTP/1.1[0m" 302 -
2025-10-26 17:58:36,637 INFO werkzeug 127.0.0.1 - - [26/Oct/2025 17:58:36] "GET /admin_dashboard HTTP/1.1" 200 -
2025-10-26 17:58:36,727 ERROR app Exception on /static/styles.css [GET]
Traceback (most recent call last):
  File "C:\Users\Maria\AppData\Roaming\Python\Python313\site-packages\flask\app.py", line 917, in full_dispatch_request
    rv = self.dispatch_request()
  File "C:\Users\Maria\AppData\Roaming\Python\Python313\site-packages\flask\app.py", line 902, in dispatch_request
    return self.ensure_sync(self.view_functions[rule.endpoint])(**view_args)  # type: ignore[no-any-return]
           ~~~~~~~~~~~~~~~~~~~~~~~~~~~~~~~~~~~~~~~~~~~~~~~~~~~~^^^^^^^^^^^^^
  File "C:\Users\Maria\AppData\Roaming\Python\Python313\site-packages\flask\app.py", line 278, in <lambda>
    view_func=lambda **kw: self_ref().send_static_file(**kw),  # type: ignore # noqa: B950
                           ~~~~~~~~~~~~~~~~~~~~~~~~~~~^^^^^^
  File "C:\Users\Maria\AppData\Roaming\Python\Python313\site-packages\flask\app.py", line 326, in send_static_file
    return send_from_directory(
        t.cast(str, self.static_folder), filename, max_age=max_age
    )
  File "C:\Users\Maria\AppData\Roaming\Python\Python313\site-packages\flask\helpers.py", line 565, in send_from_directory
    return werkzeug.utils.send_from_directory(  # type: ignore[return-value]
           ~~~~~~~~~~~~~~~~~~~~~~~~~~~~~~~~~~^^^^^^^^^^^^^^^^^^^^^^^^^^^^^^^
        directory, path, **_prepare_send_file_kwargs(**kwargs)
        ^^^^^^^^^^^^^^^^^^^^^^^^^^^^^^^^^^^^^^^^^^^^^^^^^^^^^^
    )
    ^
  File "C:\Users\Maria\AppData\Roaming\Python\Python313\site-packages\werkzeug\utils.py", line 575, in send_from_directory
    raise NotFound()
werkzeug.exceptions.NotFound: 404 Not Found: The requested URL was not found on the server. If you entered the URL manually please check your spelling and try again.

During handling of the above exception, another exception occurred:

Traceback (most recent call last):
  File "C:\Users\Maria\AppData\Roaming\Python\Python313\site-packages\flask\app.py", line 1511, in wsgi_app
    response = self.full_dispatch_request()
  File "C:\Users\Maria\AppData\Roaming\Python\Python313\site-packages\flask\app.py", line 919, in full_dispatch_request
    rv = self.handle_user_exception(e)
  File "C:\Users\Maria\AppData\Roaming\Python\Python313\site-packages\flask\app.py", line 802, in handle_user_exception
    return self.handle_http_exception(e)
           ~~~~~~~~~~~~~~~~~~~~~~~~~~^^^
  File "C:\Users\Maria\AppData\Roaming\Python\Python313\site-packages\flask\app.py", line 777, in handle_http_exception
    return self.ensure_sync(handler)(e)  # type: ignore[no-any-return]
           ~~~~~~~~~~~~~~~~~~~~~~~~~^^^
  File "C:\projects\lostandfound\app.py", line 234, in not_found_error
    return render_template('404.html'), 404
           ~~~~~~~~~~~~~~~^^^^^^^^^^^^
  File "C:\Users\Maria\AppData\Roaming\Python\Python313\site-packages\flask\templating.py", line 149, in render_template
    template = app.jinja_env.get_or_select_template(template_name_or_list)
  File "C:\Users\Maria\AppData\Roaming\Python\Python313\site-packages\jinja2\environment.py", line 1087, in get_or_select_template
    return self.get_template(template_name_or_list, parent, globals)
           ~~~~~~~~~~~~~~~~~^^^^^^^^^^^^^^^^^^^^^^^^^^^^^^^^^^^^^^^^
  File "C:\Users\Maria\AppData\Roaming\Python\Python313\site-packages\jinja2\environment.py", line 1016, in get_template
    return self._load_template(name, globals)
           ~~~~~~~~~~~~~~~~~~~^^^^^^^^^^^^^^^
  File "C:\Users\Maria\AppData\Roaming\Python\Python313\site-packages\jinja2\environment.py", line 975, in _load_template
    template = self.loader.load(self, name, self.make_globals(globals))
  File "C:\Users\Maria\AppData\Roaming\Python\Python313\site-packages\jinja2\loaders.py", line 126, in load
    source, filename, uptodate = self.get_source(environment, name)
                                 ~~~~~~~~~~~~~~~^^^^^^^^^^^^^^^^^^^
  File "C:\Users\Maria\AppData\Roaming\Python\Python313\site-packages\flask\templating.py", line 65, in get_source
    return self._get_source_fast(environment, template)
           ~~~~~~~~~~~~~~~~~~~~~^^^^^^^^^^^^^^^^^^^^^^^
  File "C:\Users\Maria\AppData\Roaming\Python\Python313\site-packages\flask\templating.py", line 99, in _get_source_fast
    raise TemplateNotFound(template)
jinja2.exceptions.TemplateNotFound: 404.html
2025-10-26 17:58:36,738 ERROR __main__ 500 error: 500 Internal Server Error: The server encountered an internal error and was unable to complete your request. Either the server is overloaded or there is an error in the application.
2025-10-26 17:58:36,740 INFO werkzeug 127.0.0.1 - - [26/Oct/2025 17:58:36] "[35m[1mGET /static/styles.css HTTP/1.1[0m" 500 -
2025-10-26 17:58:36,768 ERROR werkzeug Error on request:
Traceback (most recent call last):
  File "C:\Users\Maria\AppData\Roaming\Python\Python313\site-packages\flask\app.py", line 917, in full_dispatch_request
    rv = self.dispatch_request()
  File "C:\Users\Maria\AppData\Roaming\Python\Python313\site-packages\flask\app.py", line 902, in dispatch_request
    return self.ensure_sync(self.view_functions[rule.endpoint])(**view_args)  # type: ignore[no-any-return]
           ~~~~~~~~~~~~~~~~~~~~~~~~~~~~~~~~~~~~~~~~~~~~~~~~~~~~^^^^^^^^^^^^^
  File "C:\Users\Maria\AppData\Roaming\Python\Python313\site-packages\flask\app.py", line 278, in <lambda>
    view_func=lambda **kw: self_ref().send_static_file(**kw),  # type: ignore # noqa: B950
                           ~~~~~~~~~~~~~~~~~~~~~~~~~~~^^^^^^
  File "C:\Users\Maria\AppData\Roaming\Python\Python313\site-packages\flask\app.py", line 326, in send_static_file
    return send_from_directory(
    
  File "C:\Users\Maria\AppData\Roaming\Python\Python313\site-packages\flask\helpers.py", line 565, in send_from_directory
    return werkzeug.utils.send_from_directory(  # type: ignore[return-value]
    
  File "C:\Users\Maria\AppData\Roaming\Python\Python313\site-packages\werkzeug\utils.py", line 575, in send_from_directory
    raise NotFound()
werkzeug.exceptions.NotFound: 404 Not Found: The requested URL was not found on the server. If you entered the URL manually please check your spelling and try again.

During handling of the above exception, another exception occurred:

Traceback (most recent call last):
  File "C:\Users\Maria\AppData\Roaming\Python\Python313\site-packages\flask\app.py", line 1511, in wsgi_app
    response = self.full_dispatch_request()
  File "C:\Users\Maria\AppData\Roaming\Python\Python313\site-packages\flask\app.py", line 919, in full_dispatch_request
    rv = self.handle_user_exception(e)
  File "C:\Users\Maria\AppData\Roaming\Python\Python313\site-packages\flask\app.py", line 802, in handle_user_exception
    return self.handle_http_exception(e)
           ~~~~~~~~~~~~~~~~~~~~~~~~~~^^^
  File "C:\Users\Maria\AppData\Roaming\Python\Python313\site-packages\flask\app.py", line 777, in handle_http_exception
    return self.ensure_sync(handler)(e)  # type: ignore[no-any-return]
           ~~~~~~~~~~~~~~~~~~~~~~~~~^^^
  File "C:\projects\lostandfound\app.py", line 234, in not_found_error
    return render_template('404.html'), 404
           ~~~~~~~~~~~~~~~^^^^^^^^^^^^
  File "C:\Users\Maria\AppData\Roaming\Python\Python313\site-packages\flask\templating.py", line 149, in render_template
    template = app.jinja_env.get_or_select_template(template_name_or_list)
  File "C:\Users\Maria\AppData\Roaming\Python\Python313\site-packages\jinja2\environment.py", line 1087, in get_or_select_template
    return self.get_template(template_name_or_list, parent, globals)
           ~~~~~~~~~~~~~~~~~^^^^^^^^^^^^^^^^^^^^^^^^^^^^^^^^^^^^^^^^
  File "C:\Users\Maria\AppData\Roaming\Python\Python313\site-packages\jinja2\environment.py", line 1016, in get_template
    return self._load_template(name, globals)
           ~~~~~~~~~~~~~~~~~~~^^^^^^^^^^^^^^^
  File "C:\Users\Maria\AppData\Roaming\Python\Python313\site-packages\jinja2\environment.py", line 975, in _load_template
    template = self.loader.load(self, name, self.make_globals(globals))
  File "C:\Users\Maria\AppData\Roaming\Python\Python313\site-packages\jinja2\loaders.py", line 126, in load
    source, filename, uptodate = self.get_source(environment, name)
                                 ~~~~~~~~~~~~~~~^^^^^^^^^^^^^^^^^^^
  File "C:\Users\Maria\AppData\Roaming\Python\Python313\site-packages\flask\templating.py", line 65, in get_source
    return self._get_source_fast(environment, template)
           ~~~~~~~~~~~~~~~~~~~~~^^^^^^^^^^^^^^^^^^^^^^^
  File "C:\Users\Maria\AppData\Roaming\Python\Python313\site-packages\flask\templating.py", line 99, in _get_source_fast
    raise TemplateNotFound(template)
jinja2.exceptions.TemplateNotFound: 404.html

During handling of the above exception, another exception occurred:

Traceback (most recent call last):
  File "C:\Users\Maria\AppData\Roaming\Python\Python313\site-packages\werkzeug\serving.py", line 370, in run_wsgi
    execute(self.server.app)
    ~~~~~~~^^^^^^^^^^^^^^^^^
  File "C:\Users\Maria\AppData\Roaming\Python\Python313\site-packages\werkzeug\serving.py", line 331, in execute
    application_iter = app(environ, start_response)
  File "C:\Users\Maria\AppData\Roaming\Python\Python313\site-packages\flask\app.py", line 1536, in __call__
    return self.wsgi_app(environ, start_response)
           ~~~~~~~~~~~~~^^^^^^^^^^^^^^^^^^^^^^^^^
  File "C:\Users\Maria\AppData\Roaming\Python\Python313\site-packages\flask\app.py", line 1514, in wsgi_app
    response = self.handle_exception(e)
  File "C:\Users\Maria\AppData\Roaming\Python\Python313\site-packages\flask\app.py", line 860, in handle_exception
    server_error = self.ensure_sync(handler)(server_error)
  File "C:\projects\lostandfound\app.py", line 244, in internal_error
    return render_template('500.html'), 500
           ~~~~~~~~~~~~~~~^^^^^^^^^^^^
  File "C:\Users\Maria\AppData\Roaming\Python\Python313\site-packages\flask\templating.py", line 149, in render_template
    template = app.jinja_env.get_or_select_template(template_name_or_list)
  File "C:\Users\Maria\AppData\Roaming\Python\Python313\site-packages\jinja2\environment.py", line 1087, in get_or_select_template
    return self.get_template(template_name_or_list, parent, globals)
           ~~~~~~~~~~~~~~~~~^^^^^^^^^^^^^^^^^^^^^^^^^^^^^^^^^^^^^^^^
  File "C:\Users\Maria\AppData\Roaming\Python\Python313\site-packages\jinja2\environment.py", line 1016, in get_template
    return self._load_template(name, globals)
           ~~~~~~~~~~~~~~~~~~~^^^^^^^^^^^^^^^
  File "C:\Users\Maria\AppData\Roaming\Python\Python313\site-packages\jinja2\environment.py", line 975, in _load_template
    template = self.loader.load(self, name, self.make_globals(globals))
  File "C:\Users\Maria\AppData\Roaming\Python\Python313\site-packages\jinja2\loaders.py", line 126, in load
    source, filename, uptodate = self.get_source(environment, name)
                                 ~~~~~~~~~~~~~~~^^^^^^^^^^^^^^^^^^^
  File "C:\Users\Maria\AppData\Roaming\Python\Python313\site-packages\flask\templating.py", line 65, in get_source
    return self._get_source_fast(environment, template)
           ~~~~~~~~~~~~~~~~~~~~~^^^^^^^^^^^^^^^^^^^^^^^
  File "C:\Users\Maria\AppData\Roaming\Python\Python313\site-packages\flask\templating.py", line 99, in _get_source_fast
    raise TemplateNotFound(template)
jinja2.exceptions.TemplateNotFound: 500.html
2025-10-26 17:58:38,634 INFO __main__ User logged out: admin@lostfound.com
2025-10-26 17:58:38,636 INFO werkzeug 127.0.0.1 - - [26/Oct/2025 17:58:38] "[32mGET /logout HTTP/1.1[0m" 302 -
2025-10-26 17:58:38,651 ERROR app Exception on / [GET]
Traceback (most recent call last):
  File "C:\Users\Maria\AppData\Roaming\Python\Python313\site-packages\flask\app.py", line 1511, in wsgi_app
    response = self.full_dispatch_request()
  File "C:\Users\Maria\AppData\Roaming\Python\Python313\site-packages\flask\app.py", line 919, in full_dispatch_request
    rv = self.handle_user_exception(e)
  File "C:\Users\Maria\AppData\Roaming\Python\Python313\site-packages\flask\app.py", line 917, in full_dispatch_request
    rv = self.dispatch_request()
  File "C:\Users\Maria\AppData\Roaming\Python\Python313\site-packages\flask\app.py", line 902, in dispatch_request
    return self.ensure_sync(self.view_functions[rule.endpoint])(**view_args)  # type: ignore[no-any-return]
           ~~~~~~~~~~~~~~~~~~~~~~~~~~~~~~~~~~~~~~~~~~~~~~~~~~~~^^^^^^^^^^^^^
  File "C:\projects\lostandfound\app.py", line 259, in index
    return render_template('index.html')
  File "C:\Users\Maria\AppData\Roaming\Python\Python313\site-packages\flask\templating.py", line 149, in render_template
    template = app.jinja_env.get_or_select_template(template_name_or_list)
  File "C:\Users\Maria\AppData\Roaming\Python\Python313\site-packages\jinja2\environment.py", line 1087, in get_or_select_template
    return self.get_template(template_name_or_list, parent, globals)
           ~~~~~~~~~~~~~~~~~^^^^^^^^^^^^^^^^^^^^^^^^^^^^^^^^^^^^^^^^
  File "C:\Users\Maria\AppData\Roaming\Python\Python313\site-packages\jinja2\environment.py", line 1016, in get_template
    return self._load_template(name, globals)
           ~~~~~~~~~~~~~~~~~~~^^^^^^^^^^^^^^^
  File "C:\Users\Maria\AppData\Roaming\Python\Python313\site-packages\jinja2\environment.py", line 975, in _load_template
    template = self.loader.load(self, name, self.make_globals(globals))
  File "C:\Users\Maria\AppData\Roaming\Python\Python313\site-packages\jinja2\loaders.py", line 126, in load
    source, filename, uptodate = self.get_source(environment, name)
                                 ~~~~~~~~~~~~~~~^^^^^^^^^^^^^^^^^^^
  File "C:\Users\Maria\AppData\Roaming\Python\Python313\site-packages\flask\templating.py", line 65, in get_source
    return self._get_source_fast(environment, template)
           ~~~~~~~~~~~~~~~~~~~~~^^^^^^^^^^^^^^^^^^^^^^^
  File "C:\Users\Maria\AppData\Roaming\Python\Python313\site-packages\flask\templating.py", line 99, in _get_source_fast
    raise TemplateNotFound(template)
jinja2.exceptions.TemplateNotFound: index.html
2025-10-26 17:58:38,662 ERROR __main__ 500 error: 500 Internal Server Error: The server encountered an internal error and was unable to complete your request. Either the server is overloaded or there is an error in the application.
2025-10-26 17:58:38,665 INFO werkzeug 127.0.0.1 - - [26/Oct/2025 17:58:38] "[35m[1mGET / HTTP/1.1[0m" 500 -
2025-10-26 17:58:38,690 ERROR werkzeug Error on request:
Traceback (most recent call last):
  File "C:\Users\Maria\AppData\Roaming\Python\Python313\site-packages\flask\app.py", line 1511, in wsgi_app
    response = self.full_dispatch_request()
  File "C:\Users\Maria\AppData\Roaming\Python\Python313\site-packages\flask\app.py", line 919, in full_dispatch_request
    rv = self.handle_user_exception(e)
  File "C:\Users\Maria\AppData\Roaming\Python\Python313\site-packages\flask\app.py", line 917, in full_dispatch_request
    rv = self.dispatch_request()
  File "C:\Users\Maria\AppData\Roaming\Python\Python313\site-packages\flask\app.py", line 902, in dispatch_request
    return self.ensure_sync(self.view_functions[rule.endpoint])(**view_args)  # type: ignore[no-any-return]
           ~~~~~~~~~~~~~~~~~~~~~~~~~~~~~~~~~~~~~~~~~~~~~~~~~~~~^^^^^^^^^^^^^
  File "C:\projects\lostandfound\app.py", line 259, in index
    return render_template('index.html')
  File "C:\Users\Maria\AppData\Roaming\Python\Python313\site-packages\flask\templating.py", line 149, in render_template
    template = app.jinja_env.get_or_select_template(template_name_or_list)
  File "C:\Users\Maria\AppData\Roaming\Python\Python313\site-packages\jinja2\environment.py", line 1087, in get_or_select_template
    return self.get_template(template_name_or_list, parent, globals)
           ~~~~~~~~~~~~~~~~~^^^^^^^^^^^^^^^^^^^^^^^^^^^^^^^^^^^^^^^^
  File "C:\Users\Maria\AppData\Roaming\Python\Python313\site-packages\jinja2\environment.py", line 1016, in get_template
    return self._load_template(name, globals)
           ~~~~~~~~~~~~~~~~~~~^^^^^^^^^^^^^^^
  File "C:\Users\Maria\AppData\Roaming\Python\Python313\site-packages\jinja2\environment.py", line 975, in _load_template
    template = self.loader.load(self, name, self.make_globals(globals))
  File "C:\Users\Maria\AppData\Roaming\Python\Python313\site-packages\jinja2\loaders.py", line 126, in load
    source, filename, uptodate = self.get_source(environment, name)
                                 ~~~~~~~~~~~~~~~^^^^^^^^^^^^^^^^^^^
  File "C:\Users\Maria\AppData\Roaming\Python\Python313\site-packages\flask\templating.py", line 65, in get_source
    return self._get_source_fast(environment, template)
           ~~~~~~~~~~~~~~~~~~~~~^^^^^^^^^^^^^^^^^^^^^^^
  File "C:\Users\Maria\AppData\Roaming\Python\Python313\site-packages\flask\templating.py", line 99, in _get_source_fast
    raise TemplateNotFound(template)
jinja2.exceptions.TemplateNotFound: index.html

During handling of the above exception, another exception occurred:

Traceback (most recent call last):
  File "C:\Users\Maria\AppData\Roaming\Python\Python313\site-packages\werkzeug\serving.py", line 370, in run_wsgi
    execute(self.server.app)
    ~~~~~~~^^^^^^^^^^^^^^^^^
  File "C:\Users\Maria\AppData\Roaming\Python\Python313\site-packages\werkzeug\serving.py", line 331, in execute
    application_iter = app(environ, start_response)
  File "C:\Users\Maria\AppData\Roaming\Python\Python313\site-packages\flask\app.py", line 1536, in __call__
    return self.wsgi_app(environ, start_response)
           ~~~~~~~~~~~~~^^^^^^^^^^^^^^^^^^^^^^^^^
  File "C:\Users\Maria\AppData\Roaming\Python\Python313\site-packages\flask\app.py", line 1514, in wsgi_app
    response = self.handle_exception(e)
  File "C:\Users\Maria\AppData\Roaming\Python\Python313\site-packages\flask\app.py", line 860, in handle_exception
    server_error = self.ensure_sync(handler)(server_error)
  File "C:\projects\lostandfound\app.py", line 244, in internal_error
    return render_template('500.html'), 500
           ~~~~~~~~~~~~~~~^^^^^^^^^^^^
  File "C:\Users\Maria\AppData\Roaming\Python\Python313\site-packages\flask\templating.py", line 149, in render_template
    template = app.jinja_env.get_or_select_template(template_name_or_list)
  File "C:\Users\Maria\AppData\Roaming\Python\Python313\site-packages\jinja2\environment.py", line 1087, in get_or_select_template
    return self.get_template(template_name_or_list, parent, globals)
           ~~~~~~~~~~~~~~~~~^^^^^^^^^^^^^^^^^^^^^^^^^^^^^^^^^^^^^^^^
  File "C:\Users\Maria\AppData\Roaming\Python\Python313\site-packages\jinja2\environment.py", line 1016, in get_template
    return self._load_template(name, globals)
           ~~~~~~~~~~~~~~~~~~~^^^^^^^^^^^^^^^
  File "C:\Users\Maria\AppData\Roaming\Python\Python313\site-packages\jinja2\environment.py", line 975, in _load_template
    template = self.loader.load(self, name, self.make_globals(globals))
  File "C:\Users\Maria\AppData\Roaming\Python\Python313\site-packages\jinja2\loaders.py", line 126, in load
    source, filename, uptodate = self.get_source(environment, name)
                                 ~~~~~~~~~~~~~~~^^^^^^^^^^^^^^^^^^^
  File "C:\Users\Maria\AppData\Roaming\Python\Python313\site-packages\flask\templating.py", line 65, in get_source
    return self._get_source_fast(environment, template)
           ~~~~~~~~~~~~~~~~~~~~~^^^^^^^^^^^^^^^^^^^^^^^
  File "C:\Users\Maria\AppData\Roaming\Python\Python313\site-packages\flask\templating.py", line 99, in _get_source_fast
    raise TemplateNotFound(template)
jinja2.exceptions.TemplateNotFound: 500.html
2025-10-26 18:05:00,028 INFO werkzeug [31m[1mWARNING: This is a development server. Do not use it in a production deployment. Use a production WSGI server instead.[0m
 * Running on http://127.0.0.1:5000
2025-10-26 18:05:00,029 INFO werkzeug [33mPress CTRL+C to quit[0m
2025-10-26 18:05:00,031 INFO werkzeug  * Restarting with stat
2025-10-26 18:05:00,756 WARNING werkzeug  * Debugger is active!
2025-10-26 18:05:00,759 INFO werkzeug  * Debugger PIN: 150-337-999
2025-10-26 18:05:15,390 INFO werkzeug 127.0.0.1 - - [26/Oct/2025 18:05:15] "GET /register HTTP/1.1" 200 -
2025-10-26 18:05:20,398 INFO werkzeug 127.0.0.1 - - [26/Oct/2025 18:05:20] "GET /login HTTP/1.1" 200 -
2025-10-26 18:05:32,936 INFO werkzeug 127.0.0.1 - - [26/Oct/2025 18:05:32] "[32mPOST /login HTTP/1.1[0m" 302 -
2025-10-26 18:05:32,991 INFO werkzeug 127.0.0.1 - - [26/Oct/2025 18:05:32] "GET /admin_dashboard HTTP/1.1" 200 -
2025-10-26 18:05:33,093 INFO werkzeug 127.0.0.1 - - [26/Oct/2025 18:05:33] "[33mGET /static/styles.css HTTP/1.1[0m" 404 -
2025-10-26 18:05:36,419 INFO werkzeug 127.0.0.1 - - [26/Oct/2025 18:05:36] "[32mGET /logout HTTP/1.1[0m" 302 -
2025-10-26 18:05:36,430 INFO werkzeug 127.0.0.1 - - [26/Oct/2025 18:05:36] "GET /login HTTP/1.1" 200 -
2025-10-26 18:05:49,478 INFO werkzeug 127.0.0.1 - - [26/Oct/2025 18:05:49] "GET /register HTTP/1.1" 200 -
2025-10-26 18:05:59,992 INFO werkzeug 127.0.0.1 - - [26/Oct/2025 18:05:59] "[32mPOST /register HTTP/1.1[0m" 302 -
2025-10-26 18:06:00,009 INFO werkzeug 127.0.0.1 - - [26/Oct/2025 18:06:00] "GET /login HTTP/1.1" 200 -
2025-10-26 18:06:08,909 INFO werkzeug 127.0.0.1 - - [26/Oct/2025 18:06:08] "[32mPOST /login HTTP/1.1[0m" 302 -
2025-10-26 18:06:08,940 INFO werkzeug 127.0.0.1 - - [26/Oct/2025 18:06:08] "GET /dashboard HTTP/1.1" 200 -
2025-10-26 18:06:11,494 INFO werkzeug 127.0.0.1 - - [26/Oct/2025 18:06:11] "GET /add_item HTTP/1.1" 200 -
2025-10-26 18:06:39,356 INFO werkzeug 127.0.0.1 - - [26/Oct/2025 18:06:39] "[32mPOST /add_item HTTP/1.1[0m" 302 -
2025-10-26 18:06:39,451 INFO werkzeug 127.0.0.1 - - [26/Oct/2025 18:06:39] "GET /dashboard HTTP/1.1" 200 -
2025-10-26 18:06:39,724 INFO werkzeug 127.0.0.1 - - [26/Oct/2025 18:06:39] "GET /static/uploads/54e6a45af27241c79c839359c20d31e9.png HTTP/1.1" 200 -
2025-10-26 18:06:42,533 INFO werkzeug 127.0.0.1 - - [26/Oct/2025 18:06:42] "[32mGET /logout HTTP/1.1[0m" 302 -
2025-10-26 18:06:42,543 INFO werkzeug 127.0.0.1 - - [26/Oct/2025 18:06:42] "GET /login HTTP/1.1" 200 -
2025-10-26 18:06:58,226 INFO werkzeug 127.0.0.1 - - [26/Oct/2025 18:06:58] "[32mPOST /login HTTP/1.1[0m" 302 -
2025-10-26 18:06:58,244 INFO werkzeug 127.0.0.1 - - [26/Oct/2025 18:06:58] "GET /admin_dashboard HTTP/1.1" 200 -
2025-10-26 18:06:58,294 INFO werkzeug 127.0.0.1 - - [26/Oct/2025 18:06:58] "[33mGET /static/styles.css HTTP/1.1[0m" 404 -
2025-10-26 18:07:01,468 INFO werkzeug 127.0.0.1 - - [26/Oct/2025 18:07:01] "[32mGET /logout HTTP/1.1[0m" 302 -
2025-10-26 18:07:01,478 INFO werkzeug 127.0.0.1 - - [26/Oct/2025 18:07:01] "GET /login HTTP/1.1" 200 -
2025-10-26 18:07:03,577 INFO werkzeug 127.0.0.1 - - [26/Oct/2025 18:07:03] "GET /register HTTP/1.1" 200 -
2025-10-26 18:07:24,725 INFO werkzeug 127.0.0.1 - - [26/Oct/2025 18:07:24] "POST /register HTTP/1.1" 200 -
2025-10-26 18:07:41,028 INFO werkzeug 127.0.0.1 - - [26/Oct/2025 18:07:41] "[32mPOST /register HTTP/1.1[0m" 302 -
2025-10-26 18:07:41,040 INFO werkzeug 127.0.0.1 - - [26/Oct/2025 18:07:41] "GET /login HTTP/1.1" 200 -
2025-10-26 18:07:52,555 INFO werkzeug 127.0.0.1 - - [26/Oct/2025 18:07:52] "[32mPOST /login HTTP/1.1[0m" 302 -
2025-10-26 18:07:52,570 INFO werkzeug 127.0.0.1 - - [26/Oct/2025 18:07:52] "GET /dashboard HTTP/1.1" 200 -
2025-10-26 18:07:54,385 INFO werkzeug 127.0.0.1 - - [26/Oct/2025 18:07:54] "GET /add_item HTTP/1.1" 200 -
2025-10-26 18:08:18,517 INFO werkzeug 127.0.0.1 - - [26/Oct/2025 18:08:18] "[32mPOST /add_item HTTP/1.1[0m" 302 -
2025-10-26 18:08:18,645 INFO werkzeug 127.0.0.1 - - [26/Oct/2025 18:08:18] "GET /dashboard HTTP/1.1" 200 -
2025-10-26 18:08:18,679 INFO werkzeug 127.0.0.1 - - [26/Oct/2025 18:08:18] "GET /static/uploads/15b4d05c7d484c77920ebc09699667b3.png HTTP/1.1" 200 -
2025-10-26 18:08:18,690 INFO werkzeug 127.0.0.1 - - [26/Oct/2025 18:08:18] "[36mGET /static/uploads/54e6a45af27241c79c839359c20d31e9.png HTTP/1.1[0m" 304 -
2025-10-26 18:08:25,676 INFO werkzeug 127.0.0.1 - - [26/Oct/2025 18:08:25] "[32mGET /logout HTTP/1.1[0m" 302 -
2025-10-26 18:08:25,685 INFO werkzeug 127.0.0.1 - - [26/Oct/2025 18:08:25] "GET /login HTTP/1.1" 200 -
2025-10-26 18:08:36,779 INFO werkzeug 127.0.0.1 - - [26/Oct/2025 18:08:36] "POST /login HTTP/1.1" 200 -
2025-10-26 18:09:00,864 INFO werkzeug 127.0.0.1 - - [26/Oct/2025 18:09:00] "[32mPOST /login HTTP/1.1[0m" 302 -
2025-10-26 18:09:00,992 INFO werkzeug 127.0.0.1 - - [26/Oct/2025 18:09:00] "GET /admin_dashboard HTTP/1.1" 200 -
2025-10-26 18:09:01,037 INFO werkzeug 127.0.0.1 - - [26/Oct/2025 18:09:01] "[33mGET /static/styles.css HTTP/1.1[0m" 404 -
2025-10-26 18:09:01,042 INFO werkzeug 127.0.0.1 - - [26/Oct/2025 18:09:01] "[36mGET /static/uploads/15b4d05c7d484c77920ebc09699667b3.png HTTP/1.1[0m" 304 -
2025-10-26 18:09:01,045 INFO werkzeug 127.0.0.1 - - [26/Oct/2025 18:09:01] "[36mGET /static/uploads/54e6a45af27241c79c839359c20d31e9.png HTTP/1.1[0m" 304 -
2025-10-26 18:09:13,871 INFO werkzeug 127.0.0.1 - - [26/Oct/2025 18:09:13] "[32mPOST /update_status/2 HTTP/1.1[0m" 302 -
2025-10-26 18:09:14,035 INFO werkzeug 127.0.0.1 - - [26/Oct/2025 18:09:14] "GET /admin_dashboard HTTP/1.1" 200 -
2025-10-26 18:09:14,086 INFO werkzeug 127.0.0.1 - - [26/Oct/2025 18:09:14] "[33mGET /static/styles.css HTTP/1.1[0m" 404 -
2025-10-26 18:09:14,090 INFO werkzeug 127.0.0.1 - - [26/Oct/2025 18:09:14] "[36mGET /static/uploads/15b4d05c7d484c77920ebc09699667b3.png HTTP/1.1[0m" 304 -
2025-10-26 18:09:14,094 INFO werkzeug 127.0.0.1 - - [26/Oct/2025 18:09:14] "[36mGET /static/uploads/54e6a45af27241c79c839359c20d31e9.png HTTP/1.1[0m" 304 -
2025-10-26 18:09:23,581 INFO werkzeug 127.0.0.1 - - [26/Oct/2025 18:09:23] "[32mPOST /update_status/2 HTTP/1.1[0m" 302 -
2025-10-26 18:09:23,610 INFO werkzeug 127.0.0.1 - - [26/Oct/2025 18:09:23] "GET /admin_dashboard HTTP/1.1" 200 -
2025-10-26 18:09:23,672 INFO werkzeug 127.0.0.1 - - [26/Oct/2025 18:09:23] "[33mGET /static/styles.css HTTP/1.1[0m" 404 -
2025-10-26 18:09:25,604 INFO werkzeug 127.0.0.1 - - [26/Oct/2025 18:09:25] "GET /admin_history HTTP/1.1" 200 -
2025-10-26 18:09:25,675 INFO werkzeug 127.0.0.1 - - [26/Oct/2025 18:09:25] "[36mGET /static/uploads/15b4d05c7d484c77920ebc09699667b3.png HTTP/1.1[0m" 304 -
2025-10-26 18:09:29,666 INFO werkzeug 127.0.0.1 - - [26/Oct/2025 18:09:29] "GET /admin_dashboard HTTP/1.1" 200 -
2025-10-26 18:09:29,728 INFO werkzeug 127.0.0.1 - - [26/Oct/2025 18:09:29] "[33mGET /static/styles.css HTTP/1.1[0m" 404 -
2025-10-26 18:09:31,703 INFO werkzeug 127.0.0.1 - - [26/Oct/2025 18:09:31] "[32mGET /logout HTTP/1.1[0m" 302 -
2025-10-26 18:09:31,712 INFO werkzeug 127.0.0.1 - - [26/Oct/2025 18:09:31] "GET /login HTTP/1.1" 200 -
2025-10-26 18:09:39,086 INFO werkzeug 127.0.0.1 - - [26/Oct/2025 18:09:39] "[32mPOST /login HTTP/1.1[0m" 302 -
2025-10-26 18:09:39,207 INFO werkzeug 127.0.0.1 - - [26/Oct/2025 18:09:39] "GET /dashboard HTTP/1.1" 200 -
2025-10-26 18:09:39,234 INFO werkzeug 127.0.0.1 - - [26/Oct/2025 18:09:39] "[36mGET /static/uploads/54e6a45af27241c79c839359c20d31e9.png HTTP/1.1[0m" 304 -
2025-10-26 18:09:39,237 INFO werkzeug 127.0.0.1 - - [26/Oct/2025 18:09:39] "[36mGET /static/uploads/15b4d05c7d484c77920ebc09699667b3.png HTTP/1.1[0m" 304 -
2025-10-26 18:11:52,790 INFO werkzeug 127.0.0.1 - - [26/Oct/2025 18:11:52] "[32mGET /logout HTTP/1.1[0m" 302 -
2025-10-26 18:11:52,799 INFO werkzeug 127.0.0.1 - - [26/Oct/2025 18:11:52] "GET /login HTTP/1.1" 200 -
2025-10-26 18:13:43,136 INFO werkzeug 127.0.0.1 - - [26/Oct/2025 18:13:43] "GET /register HTTP/1.1" 200 -
2025-10-26 18:16:14,630 INFO werkzeug 127.0.0.1 - - [26/Oct/2025 18:16:14] "GET /login HTTP/1.1" 200 -
2025-10-26 18:19:25,622 INFO werkzeug 127.0.0.1 - - [26/Oct/2025 18:19:25] "GET /login HTTP/1.1" 200 -
2025-10-26 18:19:35,000 INFO werkzeug 127.0.0.1 - - [26/Oct/2025 18:19:35] "GET /login HTTP/1.1" 200 -
2025-10-26 18:25:47,520 INFO werkzeug 127.0.0.1 - - [26/Oct/2025 18:25:47] "[32mPOST /login HTTP/1.1[0m" 302 -
2025-10-26 18:25:47,620 INFO werkzeug 127.0.0.1 - - [26/Oct/2025 18:25:47] "GET /dashboard HTTP/1.1" 200 -
2025-10-26 18:25:47,654 INFO werkzeug 127.0.0.1 - - [26/Oct/2025 18:25:47] "[36mGET /static/uploads/54e6a45af27241c79c839359c20d31e9.png HTTP/1.1[0m" 304 -
2025-10-26 18:25:47,655 INFO werkzeug 127.0.0.1 - - [26/Oct/2025 18:25:47] "[36mGET /static/uploads/15b4d05c7d484c77920ebc09699667b3.png HTTP/1.1[0m" 304 -
2025-10-26 18:28:07,864 INFO werkzeug 127.0.0.1 - - [26/Oct/2025 18:28:07] "[32mPOST /delete_item/1 HTTP/1.1[0m" 302 -
2025-10-26 18:28:07,884 INFO werkzeug 127.0.0.1 - - [26/Oct/2025 18:28:07] "GET /dashboard HTTP/1.1" 200 -
2025-10-26 18:28:21,519 INFO werkzeug 127.0.0.1 - - [26/Oct/2025 18:28:21] "GET /dashboard?title=bottle&type=&category=&location= HTTP/1.1" 200 -
2025-10-26 18:28:32,862 INFO werkzeug 127.0.0.1 - - [26/Oct/2025 18:28:32] "GET /dashboard?title=bottle&type=Lost&category=personal+item&location=A1-303 HTTP/1.1" 200 -
2025-10-26 18:28:34,152 INFO werkzeug 127.0.0.1 - - [26/Oct/2025 18:28:34] "GET /dashboard?title=bottle&type=Lost&category=personal+item&location=A1-303 HTTP/1.1" 200 -
2025-10-26 18:28:34,683 INFO werkzeug 127.0.0.1 - - [26/Oct/2025 18:28:34] "GET /dashboard?title=bottle&type=Lost&category=personal+item&location=A1-303 HTTP/1.1" 200 -
2025-10-26 18:28:42,810 INFO werkzeug 127.0.0.1 - - [26/Oct/2025 18:28:42] "[32mGET /logout HTTP/1.1[0m" 302 -
2025-10-26 18:28:42,826 INFO werkzeug 127.0.0.1 - - [26/Oct/2025 18:28:42] "GET /login HTTP/1.1" 200 -
2025-10-26 18:29:13,405 INFO werkzeug 127.0.0.1 - - [26/Oct/2025 18:29:13] "[32mPOST /login HTTP/1.1[0m" 302 -
2025-10-26 18:29:13,415 INFO werkzeug 127.0.0.1 - - [26/Oct/2025 18:29:13] "GET /dashboard HTTP/1.1" 200 -
2025-10-26 18:29:16,278 INFO werkzeug 127.0.0.1 - - [26/Oct/2025 18:29:16] "GET /add_item HTTP/1.1" 200 -
2025-10-26 18:32:11,416 INFO werkzeug 127.0.0.1 - - [26/Oct/2025 18:32:11] "GET /add_item HTTP/1.1" 200 -
2025-10-26 18:33:18,014 INFO werkzeug 127.0.0.1 - - [26/Oct/2025 18:33:18] "[32mPOST /add_item HTTP/1.1[0m" 302 -
2025-10-26 18:33:18,080 INFO werkzeug 127.0.0.1 - - [26/Oct/2025 18:33:18] "GET /dashboard HTTP/1.1" 200 -
2025-10-26 18:33:18,100 INFO werkzeug 127.0.0.1 - - [26/Oct/2025 18:33:18] "GET /static/uploads/52716020385c4797a64471d8c0ab60a5.png HTTP/1.1" 200 -
2025-10-26 18:33:18,102 INFO werkzeug 127.0.0.1 - - [26/Oct/2025 18:33:18] "[36mGET /static/uploads/15b4d05c7d484c77920ebc09699667b3.png HTTP/1.1[0m" 304 -
2025-10-26 18:33:50,829 INFO werkzeug 127.0.0.1 - - [26/Oct/2025 18:33:50] "GET /add_item HTTP/1.1" 200 -
2025-10-26 18:33:54,535 INFO werkzeug 127.0.0.1 - - [26/Oct/2025 18:33:54] "GET /dashboard HTTP/1.1" 200 -
2025-10-26 18:33:54,576 INFO werkzeug 127.0.0.1 - - [26/Oct/2025 18:33:54] "[36mGET /static/uploads/52716020385c4797a64471d8c0ab60a5.png HTTP/1.1[0m" 304 -
2025-10-26 18:33:54,588 INFO werkzeug 127.0.0.1 - - [26/Oct/2025 18:33:54] "[36mGET /static/uploads/15b4d05c7d484c77920ebc09699667b3.png HTTP/1.1[0m" 304 -
2025-10-26 18:33:56,748 INFO werkzeug 127.0.0.1 - - [26/Oct/2025 18:33:56] "GET /add_item HTTP/1.1" 200 -
2025-10-26 18:33:59,016 INFO werkzeug 127.0.0.1 - - [26/Oct/2025 18:33:59] "GET /dashboard HTTP/1.1" 200 -
2025-10-26 18:33:59,076 INFO werkzeug 127.0.0.1 - - [26/Oct/2025 18:33:59] "[36mGET /static/uploads/52716020385c4797a64471d8c0ab60a5.png HTTP/1.1[0m" 304 -
2025-10-26 18:33:59,087 INFO werkzeug 127.0.0.1 - - [26/Oct/2025 18:33:59] "[36mGET /static/uploads/15b4d05c7d484c77920ebc09699667b3.png HTTP/1.1[0m" 304 -
2025-10-26 18:34:00,024 INFO werkzeug 127.0.0.1 - - [26/Oct/2025 18:34:00] "[32mGET /logout HTTP/1.1[0m" 302 -
2025-10-26 18:34:00,043 INFO werkzeug 127.0.0.1 - - [26/Oct/2025 18:34:00] "GET /login HTTP/1.1" 200 -
2025-10-26 18:38:05,760 INFO werkzeug 127.0.0.1 - - [26/Oct/2025 18:38:05] "[32mPOST /login HTTP/1.1[0m" 302 -
2025-10-26 18:38:05,787 INFO werkzeug 127.0.0.1 - - [26/Oct/2025 18:38:05] "GET /admin_dashboard HTTP/1.1" 200 -
2025-10-26 18:38:15,709 INFO werkzeug 127.0.0.1 - - [26/Oct/2025 18:38:15] "GET /admin_history HTTP/1.1" 200 -
2025-10-26 18:38:15,754 INFO werkzeug 127.0.0.1 - - [26/Oct/2025 18:38:15] "[36mGET /static/uploads/15b4d05c7d484c77920ebc09699667b3.png HTTP/1.1[0m" 304 -
2025-10-26 18:38:18,595 INFO werkzeug 127.0.0.1 - - [26/Oct/2025 18:38:18] "[32mGET /dashboard HTTP/1.1[0m" 302 -
2025-10-26 18:38:18,605 INFO werkzeug 127.0.0.1 - - [26/Oct/2025 18:38:18] "GET /admin_dashboard HTTP/1.1" 200 -
2025-10-26 18:38:19,956 INFO werkzeug 127.0.0.1 - - [26/Oct/2025 18:38:19] "[32mGET /dashboard HTTP/1.1[0m" 302 -
2025-10-26 18:38:19,977 INFO werkzeug 127.0.0.1 - - [26/Oct/2025 18:38:19] "GET /admin_dashboard HTTP/1.1" 200 -
2025-10-26 18:38:20,891 INFO werkzeug 127.0.0.1 - - [26/Oct/2025 18:38:20] "[32mGET /dashboard HTTP/1.1[0m" 302 -
2025-10-26 18:38:20,905 INFO werkzeug 127.0.0.1 - - [26/Oct/2025 18:38:20] "GET /admin_dashboard HTTP/1.1" 200 -
2025-10-26 18:38:21,761 INFO werkzeug 127.0.0.1 - - [26/Oct/2025 18:38:21] "[32mGET /dashboard HTTP/1.1[0m" 302 -
2025-10-26 18:38:21,781 INFO werkzeug 127.0.0.1 - - [26/Oct/2025 18:38:21] "GET /admin_dashboard HTTP/1.1" 200 -
2025-10-26 18:38:43,786 INFO werkzeug 127.0.0.1 - - [26/Oct/2025 18:38:43] "[32mGET /logout HTTP/1.1[0m" 302 -
2025-10-26 18:38:43,800 INFO werkzeug 127.0.0.1 - - [26/Oct/2025 18:38:43] "GET /login HTTP/1.1" 200 -
2025-10-26 18:38:56,075 INFO werkzeug 127.0.0.1 - - [26/Oct/2025 18:38:56] "[32mPOST /login HTTP/1.1[0m" 302 -
2025-10-26 18:38:56,093 INFO werkzeug 127.0.0.1 - - [26/Oct/2025 18:38:56] "GET /admin_dashboard HTTP/1.1" 200 -
2025-10-26 18:42:43,862 INFO werkzeug 127.0.0.1 - - [26/Oct/2025 18:42:43] "GET /admin_history HTTP/1.1" 200 -
2025-10-26 18:42:43,912 INFO werkzeug 127.0.0.1 - - [26/Oct/2025 18:42:43] "[36mGET /static/uploads/15b4d05c7d484c77920ebc09699667b3.png HTTP/1.1[0m" 304 -
2025-10-26 18:42:53,394 INFO werkzeug 127.0.0.1 - - [26/Oct/2025 18:42:53] "[32mGET /dashboard HTTP/1.1[0m" 302 -
2025-10-26 18:42:53,406 INFO werkzeug 127.0.0.1 - - [26/Oct/2025 18:42:53] "GET /admin_dashboard HTTP/1.1" 200 -
2025-10-26 18:42:55,434 INFO werkzeug 127.0.0.1 - - [26/Oct/2025 18:42:55] "[32mGET /dashboard HTTP/1.1[0m" 302 -
2025-10-26 18:42:55,443 INFO werkzeug 127.0.0.1 - - [26/Oct/2025 18:42:55] "GET /admin_dashboard HTTP/1.1" 200 -
2025-10-26 18:49:36,271 INFO werkzeug 127.0.0.1 - - [26/Oct/2025 18:49:36] "[33mGET /index HTTP/1.1[0m" 404 -
2025-10-26 18:49:42,152 INFO werkzeug 127.0.0.1 - - [26/Oct/2025 18:49:42] "[33mGET /index.html HTTP/1.1[0m" 404 -
2025-10-26 18:49:44,479 INFO werkzeug 127.0.0.1 - - [26/Oct/2025 18:49:44] "[33mGET /index.html HTTP/1.1[0m" 404 -
2025-10-26 19:05:17,691 INFO werkzeug  * Detected change in 'C:\\projects\\lostandfound\\app.py', reloading
2025-10-26 19:05:17,923 INFO werkzeug  * Restarting with stat
2025-10-26 19:05:18,608 WARNING werkzeug  * Debugger is active!
2025-10-26 19:05:18,610 INFO werkzeug  * Debugger PIN: 150-337-999
2025-10-26 19:05:27,292 INFO werkzeug [31m[1mWARNING: This is a development server. Do not use it in a production deployment. Use a production WSGI server instead.[0m
 * Running on http://127.0.0.1:5000
2025-10-26 19:05:27,293 INFO werkzeug [33mPress CTRL+C to quit[0m
2025-10-26 19:05:27,294 INFO werkzeug  * Restarting with stat
2025-10-26 19:05:27,936 WARNING werkzeug  * Debugger is active!
2025-10-26 19:05:27,939 INFO werkzeug  * Debugger PIN: 150-337-999
2025-10-26 19:05:53,634 INFO werkzeug 127.0.0.1 - - [26/Oct/2025 19:05:53] "[32mGET /register HTTP/1.1[0m" 302 -
2025-10-26 19:05:53,678 INFO werkzeug 127.0.0.1 - - [26/Oct/2025 19:05:53] "[32mGET /dashboard HTTP/1.1[0m" 302 -
2025-10-26 19:05:53,771 INFO werkzeug 127.0.0.1 - - [26/Oct/2025 19:05:53] "GET /admin_dashboard HTTP/1.1" 200 -
2025-10-26 19:05:55,931 INFO werkzeug 127.0.0.1 - - [26/Oct/2025 19:05:55] "[33mGET /index HTTP/1.1[0m" 404 -
2025-10-26 19:05:59,143 INFO werkzeug 127.0.0.1 - - [26/Oct/2025 19:05:59] "GET / HTTP/1.1" 200 -
2025-10-26 19:10:15,574 INFO werkzeug 127.0.0.1 - - [26/Oct/2025 19:10:15] "[32mGET /add_item HTTP/1.1[0m" 302 -
2025-10-26 19:10:15,590 INFO werkzeug 127.0.0.1 - - [26/Oct/2025 19:10:15] "GET /admin_dashboard HTTP/1.1" 200 -
2025-10-26 20:13:07,640 INFO werkzeug 127.0.0.1 - - [26/Oct/2025 20:13:07] "GET / HTTP/1.1" 200 -
2025-10-26 20:13:11,890 INFO werkzeug 127.0.0.1 - - [26/Oct/2025 20:13:11] "GET / HTTP/1.1" 200 -
2025-10-26 20:16:00,059 INFO werkzeug 127.0.0.1 - - [26/Oct/2025 20:16:00] "GET / HTTP/1.1" 200 -
2025-10-26 20:16:28,314 INFO werkzeug 127.0.0.1 - - [26/Oct/2025 20:16:28] "GET / HTTP/1.1" 200 -
2025-10-26 20:17:19,417 INFO werkzeug 127.0.0.1 - - [26/Oct/2025 20:17:19] "GET / HTTP/1.1" 200 -
2025-10-26 20:17:31,403 INFO werkzeug 127.0.0.1 - - [26/Oct/2025 20:17:31] "GET / HTTP/1.1" 200 -
2025-10-26 20:17:32,726 INFO werkzeug 127.0.0.1 - - [26/Oct/2025 20:17:32] "GET / HTTP/1.1" 200 -
2025-10-26 20:18:31,253 INFO werkzeug 127.0.0.1 - - [26/Oct/2025 20:18:31] "[32mGET /logout HTTP/1.1[0m" 302 -
2025-10-26 20:18:31,277 INFO werkzeug 127.0.0.1 - - [26/Oct/2025 20:18:31] "GET /login HTTP/1.1" 200 -
2025-10-26 20:18:41,460 INFO werkzeug 127.0.0.1 - - [26/Oct/2025 20:18:41] "[32mPOST /login HTTP/1.1[0m" 302 -
2025-10-26 20:18:41,864 INFO werkzeug 127.0.0.1 - - [26/Oct/2025 20:18:41] "GET /dashboard HTTP/1.1" 200 -
2025-10-26 20:18:42,180 INFO werkzeug 127.0.0.1 - - [26/Oct/2025 20:18:42] "[36mGET /static/uploads/52716020385c4797a64471d8c0ab60a5.png HTTP/1.1[0m" 304 -
2025-10-26 20:18:42,191 INFO werkzeug 127.0.0.1 - - [26/Oct/2025 20:18:42] "[36mGET /static/uploads/15b4d05c7d484c77920ebc09699667b3.png HTTP/1.1[0m" 304 -
2025-10-26 20:19:05,054 INFO werkzeug 127.0.0.1 - - [26/Oct/2025 20:19:05] "[32mPOST /delete_item/3 HTTP/1.1[0m" 302 -
2025-10-26 20:19:05,083 INFO werkzeug 127.0.0.1 - - [26/Oct/2025 20:19:05] "GET /dashboard HTTP/1.1" 200 -
2025-10-26 20:19:10,026 INFO werkzeug 127.0.0.1 - - [26/Oct/2025 20:19:10] "[32mGET /logout HTTP/1.1[0m" 302 -
2025-10-26 20:19:10,040 INFO werkzeug 127.0.0.1 - - [26/Oct/2025 20:19:10] "GET /login HTTP/1.1" 200 -
